2021-05-01 09:40:43,968 | INFO  | Refreshing org.apache.activemq.xbean.XBeanBrokerFactory$1@1dfd2f7a: startup date [Sat May 01 09:40:43 IST 2021]; root of context hierarchy | org.apache.activemq.xbean.XBeanBrokerFactory$1 | WrapperSimpleAppMain
2021-05-01 09:40:45,102 | INFO  | Using Persistence Adapter: KahaDBPersistenceAdapter[C:\Mahesh\code\hsbc_case_study\hsbc_case_study\apache-activemq-5.16.2\bin\win64\..\..\data\kahadb] | org.apache.activemq.broker.BrokerService | WrapperSimpleAppMain
2021-05-01 09:40:45,890 | INFO  | PListStore:[C:\Mahesh\code\hsbc_case_study\hsbc_case_study\apache-activemq-5.16.2\bin\win64\..\..\data\localhost\tmp_storage] started | org.apache.activemq.store.kahadb.plist.PListStoreImpl | WrapperSimpleAppMain
2021-05-01 09:40:46,081 | INFO  | Apache ActiveMQ 5.16.2 (localhost, ID:Mahesh-59162-1619842245902-0:1) is starting | org.apache.activemq.broker.BrokerService | WrapperSimpleAppMain
2021-05-01 09:40:46,100 | INFO  | Listening for connections at: tcp://Mahesh:61616?maximumConnections=1000&wireFormat.maxFrameSize=104857600 | org.apache.activemq.transport.TransportServerThreadSupport | WrapperSimpleAppMain
2021-05-01 09:40:46,102 | INFO  | Connector openwire started | org.apache.activemq.broker.TransportConnector | WrapperSimpleAppMain
2021-05-01 09:40:46,106 | INFO  | Listening for connections at: amqp://Mahesh:5672?maximumConnections=1000&wireFormat.maxFrameSize=104857600 | org.apache.activemq.transport.TransportServerThreadSupport | WrapperSimpleAppMain
2021-05-01 09:40:46,108 | INFO  | Connector amqp started | org.apache.activemq.broker.TransportConnector | WrapperSimpleAppMain
2021-05-01 09:40:46,114 | INFO  | Listening for connections at: stomp://Mahesh:61613?maximumConnections=1000&wireFormat.maxFrameSize=104857600 | org.apache.activemq.transport.TransportServerThreadSupport | WrapperSimpleAppMain
2021-05-01 09:40:46,116 | INFO  | Connector stomp started | org.apache.activemq.broker.TransportConnector | WrapperSimpleAppMain
2021-05-01 09:40:46,122 | INFO  | Listening for connections at: mqtt://Mahesh:1883?maximumConnections=1000&wireFormat.maxFrameSize=104857600 | org.apache.activemq.transport.TransportServerThreadSupport | WrapperSimpleAppMain
2021-05-01 09:40:46,125 | INFO  | Connector mqtt started | org.apache.activemq.broker.TransportConnector | WrapperSimpleAppMain
2021-05-01 09:40:46,132 | INFO  | Starting Jetty server | org.apache.activemq.transport.WebTransportServerSupport | WrapperSimpleAppMain
2021-05-01 09:40:46,250 | INFO  | Creating Jetty connector | org.apache.activemq.transport.WebTransportServerSupport | WrapperSimpleAppMain
2021-05-01 09:40:46,422 | WARN  | ServletContext@o.e.j.s.ServletContextHandler@5e3d613e{/,null,STARTING} has uncovered http methods for path: / | org.eclipse.jetty.security.SecurityHandler | WrapperSimpleAppMain
2021-05-01 09:40:46,548 | INFO  | Listening for connections at ws://Mahesh:61614?maximumConnections=1000&wireFormat.maxFrameSize=104857600 | org.apache.activemq.transport.ws.WSTransportServer | WrapperSimpleAppMain
2021-05-01 09:40:46,549 | INFO  | Connector ws started | org.apache.activemq.broker.TransportConnector | WrapperSimpleAppMain
2021-05-01 09:40:46,552 | INFO  | Apache ActiveMQ 5.16.2 (localhost, ID:Mahesh-59162-1619842245902-0:1) started | org.apache.activemq.broker.BrokerService | WrapperSimpleAppMain
2021-05-01 09:40:46,553 | INFO  | For help or more information please see: http://activemq.apache.org | org.apache.activemq.broker.BrokerService | WrapperSimpleAppMain
2021-05-01 09:40:47,591 | INFO  | ActiveMQ WebConsole available at http://127.0.0.1:8161/ | org.apache.activemq.web.WebConsoleStarter | WrapperSimpleAppMain
2021-05-01 09:40:47,592 | INFO  | ActiveMQ Jolokia REST API available at http://127.0.0.1:8161/api/jolokia/ | org.apache.activemq.web.WebConsoleStarter | WrapperSimpleAppMain
2021-05-01 09:42:49,453 | INFO  | Refreshing org.apache.activemq.xbean.XBeanBrokerFactory$1@40d6e525: startup date [Sat May 01 09:42:49 IST 2021]; root of context hierarchy | org.apache.activemq.xbean.XBeanBrokerFactory$1 | WrapperSimpleAppMain
2021-05-01 09:42:50,514 | INFO  | Using Persistence Adapter: KahaDBPersistenceAdapter[C:\Mahesh\code\hsbc_case_study\hsbc_case_study\apache-activemq-5.16.2\bin\win32\..\..\data\kahadb] | org.apache.activemq.broker.BrokerService | WrapperSimpleAppMain
2021-05-01 09:42:50,537 | INFO  | Database ..\..\data\kahadb\lock is locked by another server. This broker is now in slave mode waiting a lock to be acquired | org.apache.activemq.store.SharedFileLocker | WrapperSimpleAppMain
2021-05-01 09:45:25,384 | INFO  | Refreshing org.apache.activemq.xbean.XBeanBrokerFactory$1@71423665: startup date [Sat May 01 09:45:25 IST 2021]; root of context hierarchy | org.apache.activemq.xbean.XBeanBrokerFactory$1 | main
2021-05-01 09:45:26,954 | INFO  | Using Persistence Adapter: KahaDBPersistenceAdapter[C:\Mahesh\code\hsbc_case_study\hsbc_case_study\apache-activemq-5.16.2\bin\..\data\kahadb] | org.apache.activemq.broker.BrokerService | main
2021-05-01 09:45:27,267 | INFO  | Page File: C:\Mahesh\code\hsbc_case_study\hsbc_case_study\apache-activemq-5.16.2\bin\..\data\kahadb\db.data. Recovering pageFile free list due to prior unclean shutdown.. | org.apache.activemq.store.kahadb.disk.page.PageFile | KahaDB Index Free Page Recovery
2021-05-01 09:45:27,271 | INFO  | Page File: C:\Mahesh\code\hsbc_case_study\hsbc_case_study\apache-activemq-5.16.2\bin\..\data\kahadb\db.data. Recovered pageFile free list of size: 0 | org.apache.activemq.store.kahadb.disk.page.PageFile | KahaDB Index Free Page Recovery
2021-05-01 09:45:27,274 | INFO  | KahaDB is version 7 | org.apache.activemq.store.kahadb.MessageDatabase | main
2021-05-01 09:45:27,405 | INFO  | PListStore:[C:\Mahesh\code\hsbc_case_study\hsbc_case_study\apache-activemq-5.16.2\bin\..\data\localhost\tmp_storage] started | org.apache.activemq.store.kahadb.plist.PListStoreImpl | main
2021-05-01 09:45:27,555 | INFO  | Apache ActiveMQ 5.16.2 (localhost, ID:Mahesh-59256-1619842527419-0:1) is starting | org.apache.activemq.broker.BrokerService | main
2021-05-01 09:45:27,599 | INFO  | Listening for connections at: tcp://Mahesh:61616?maximumConnections=1000&wireFormat.maxFrameSize=104857600 | org.apache.activemq.transport.TransportServerThreadSupport | main
2021-05-01 09:45:27,602 | INFO  | Connector openwire started | org.apache.activemq.broker.TransportConnector | main
2021-05-01 09:45:27,610 | INFO  | Listening for connections at: amqp://Mahesh:5672?maximumConnections=1000&wireFormat.maxFrameSize=104857600 | org.apache.activemq.transport.TransportServerThreadSupport | main
2021-05-01 09:45:27,613 | INFO  | Connector amqp started | org.apache.activemq.broker.TransportConnector | main
2021-05-01 09:45:27,620 | INFO  | Listening for connections at: stomp://Mahesh:61613?maximumConnections=1000&wireFormat.maxFrameSize=104857600 | org.apache.activemq.transport.TransportServerThreadSupport | main
2021-05-01 09:45:27,622 | INFO  | Connector stomp started | org.apache.activemq.broker.TransportConnector | main
2021-05-01 09:45:27,629 | INFO  | Listening for connections at: mqtt://Mahesh:1883?maximumConnections=1000&wireFormat.maxFrameSize=104857600 | org.apache.activemq.transport.TransportServerThreadSupport | main
2021-05-01 09:45:27,631 | INFO  | Connector mqtt started | org.apache.activemq.broker.TransportConnector | main
2021-05-01 09:45:27,640 | INFO  | Starting Jetty server | org.apache.activemq.transport.WebTransportServerSupport | main
2021-05-01 09:45:27,842 | INFO  | Creating Jetty connector | org.apache.activemq.transport.WebTransportServerSupport | main
2021-05-01 09:45:28,302 | WARN  | ServletContext@o.e.j.s.ServletContextHandler@386f0da3{/,null,STARTING} has uncovered http methods for path: / | org.eclipse.jetty.security.SecurityHandler | main
2021-05-01 09:45:28,448 | INFO  | Listening for connections at ws://Mahesh:61614?maximumConnections=1000&wireFormat.maxFrameSize=104857600 | org.apache.activemq.transport.ws.WSTransportServer | main
2021-05-01 09:45:28,449 | INFO  | Connector ws started | org.apache.activemq.broker.TransportConnector | main
2021-05-01 09:45:28,452 | INFO  | Apache ActiveMQ 5.16.2 (localhost, ID:Mahesh-59256-1619842527419-0:1) started | org.apache.activemq.broker.BrokerService | main
2021-05-01 09:45:28,455 | INFO  | For help or more information please see: http://activemq.apache.org | org.apache.activemq.broker.BrokerService | main
2021-05-01 09:45:29,695 | INFO  | ActiveMQ WebConsole available at http://127.0.0.1:8161/ | org.apache.activemq.web.WebConsoleStarter | main
2021-05-01 09:45:29,697 | INFO  | ActiveMQ Jolokia REST API available at http://127.0.0.1:8161/api/jolokia/ | org.apache.activemq.web.WebConsoleStarter | main
2021-05-01 09:47:07,003 | INFO  | Connector vm://localhost started | org.apache.activemq.broker.TransportConnector | qtp600958416-36
2021-05-01 09:59:28,136 | INFO  | Apache ActiveMQ 5.16.2 (localhost, ID:Mahesh-59256-1619842527419-0:1) is shutting down | org.apache.activemq.broker.BrokerService | ActiveMQ ShutdownHook
2021-05-01 09:59:28,139 | INFO  | Connector openwire stopped | org.apache.activemq.broker.TransportConnector | ActiveMQ ShutdownHook
2021-05-01 09:59:28,140 | INFO  | Connector amqp stopped | org.apache.activemq.broker.TransportConnector | ActiveMQ ShutdownHook
2021-05-01 09:59:28,142 | INFO  | Connector stomp stopped | org.apache.activemq.broker.TransportConnector | ActiveMQ ShutdownHook
2021-05-01 09:59:28,144 | INFO  | Connector mqtt stopped | org.apache.activemq.broker.TransportConnector | ActiveMQ ShutdownHook
2021-05-01 09:59:28,154 | INFO  | Connector ws stopped | org.apache.activemq.broker.TransportConnector | ActiveMQ ShutdownHook
2021-05-01 09:59:28,161 | INFO  | Connector vm://localhost stopped | org.apache.activemq.broker.TransportConnector | ActiveMQ ShutdownHook
2021-05-01 09:59:28,166 | INFO  | PListStore:[C:\Mahesh\code\hsbc_case_study\hsbc_case_study\apache-activemq-5.16.2\bin\..\data\localhost\tmp_storage] stopped | org.apache.activemq.store.kahadb.plist.PListStoreImpl | ActiveMQ ShutdownHook
2021-05-01 09:59:28,168 | INFO  | Stopping async queue tasks | org.apache.activemq.store.kahadb.KahaDBStore | ActiveMQ ShutdownHook
2021-05-01 09:59:28,170 | INFO  | Stopping async topic tasks | org.apache.activemq.store.kahadb.KahaDBStore | ActiveMQ ShutdownHook
2021-05-01 09:59:28,171 | INFO  | Stopped KahaDB | org.apache.activemq.store.kahadb.KahaDBStore | ActiveMQ ShutdownHook
2021-05-01 09:59:28,274 | INFO  | Apache ActiveMQ 5.16.2 (localhost, ID:Mahesh-59256-1619842527419-0:1) uptime 14 minutes | org.apache.activemq.broker.BrokerService | ActiveMQ ShutdownHook
2021-05-01 09:59:28,275 | INFO  | Apache ActiveMQ 5.16.2 (localhost, ID:Mahesh-59256-1619842527419-0:1) is shutdown | org.apache.activemq.broker.BrokerService | ActiveMQ ShutdownHook
2021-05-01 09:59:28,277 | INFO  | Closing org.apache.activemq.xbean.XBeanBrokerFactory$1@71423665: startup date [Sat May 01 09:45:25 IST 2021]; root of context hierarchy | org.apache.activemq.xbean.XBeanBrokerFactory$1 | ActiveMQ ShutdownHook
2021-05-01 09:59:35,191 | INFO  | Refreshing org.apache.activemq.xbean.XBeanBrokerFactory$1@71423665: startup date [Sat May 01 09:59:35 IST 2021]; root of context hierarchy | org.apache.activemq.xbean.XBeanBrokerFactory$1 | main
2021-05-01 09:59:36,234 | INFO  | Using Persistence Adapter: KahaDBPersistenceAdapter[C:\Mahesh\code\hsbc_case_study\hsbc_case_study\apache-activemq-5.16.2\bin\..\data\kahadb] | org.apache.activemq.broker.BrokerService | main
2021-05-01 09:59:36,387 | INFO  | KahaDB is version 7 | org.apache.activemq.store.kahadb.MessageDatabase | main
2021-05-01 09:59:36,472 | INFO  | PListStore:[C:\Mahesh\code\hsbc_case_study\hsbc_case_study\apache-activemq-5.16.2\bin\..\data\localhost\tmp_storage] started | org.apache.activemq.store.kahadb.plist.PListStoreImpl | main
2021-05-01 09:59:36,613 | INFO  | Apache ActiveMQ 5.16.2 (localhost, ID:Mahesh-59731-1619843376488-0:1) is starting | org.apache.activemq.broker.BrokerService | main
2021-05-01 09:59:36,694 | INFO  | Listening for connections at: tcp://Mahesh:61616?maximumConnections=1000&wireFormat.maxFrameSize=104857600 | org.apache.activemq.transport.TransportServerThreadSupport | main
2021-05-01 09:59:36,697 | INFO  | Connector openwire started | org.apache.activemq.broker.TransportConnector | main
2021-05-01 09:59:36,704 | INFO  | Listening for connections at: amqp://Mahesh:5672?maximumConnections=1000&wireFormat.maxFrameSize=104857600 | org.apache.activemq.transport.TransportServerThreadSupport | main
2021-05-01 09:59:36,707 | INFO  | Connector amqp started | org.apache.activemq.broker.TransportConnector | main
2021-05-01 09:59:36,715 | INFO  | Listening for connections at: stomp://Mahesh:61613?maximumConnections=1000&wireFormat.maxFrameSize=104857600 | org.apache.activemq.transport.TransportServerThreadSupport | main
2021-05-01 09:59:36,719 | INFO  | Connector stomp started | org.apache.activemq.broker.TransportConnector | main
2021-05-01 09:59:36,726 | INFO  | Listening for connections at: mqtt://Mahesh:1883?maximumConnections=1000&wireFormat.maxFrameSize=104857600 | org.apache.activemq.transport.TransportServerThreadSupport | main
2021-05-01 09:59:36,729 | INFO  | Connector mqtt started | org.apache.activemq.broker.TransportConnector | main
2021-05-01 09:59:36,739 | INFO  | Starting Jetty server | org.apache.activemq.transport.WebTransportServerSupport | main
2021-05-01 09:59:36,831 | INFO  | Creating Jetty connector | org.apache.activemq.transport.WebTransportServerSupport | main
2021-05-01 09:59:36,972 | WARN  | ServletContext@o.e.j.s.ServletContextHandler@4d9ac0b4{/,null,STARTING} has uncovered http methods for path: / | org.eclipse.jetty.security.SecurityHandler | main
2021-05-01 09:59:37,054 | INFO  | Listening for connections at ws://Mahesh:61614?maximumConnections=1000&wireFormat.maxFrameSize=104857600 | org.apache.activemq.transport.ws.WSTransportServer | main
2021-05-01 09:59:37,057 | INFO  | Connector ws started | org.apache.activemq.broker.TransportConnector | main
2021-05-01 09:59:37,060 | INFO  | Apache ActiveMQ 5.16.2 (localhost, ID:Mahesh-59731-1619843376488-0:1) started | org.apache.activemq.broker.BrokerService | main
2021-05-01 09:59:37,063 | INFO  | For help or more information please see: http://activemq.apache.org | org.apache.activemq.broker.BrokerService | main
2021-05-01 09:59:38,034 | INFO  | ActiveMQ WebConsole available at http://127.0.0.1:8161/ | org.apache.activemq.web.WebConsoleStarter | main
2021-05-01 09:59:38,035 | INFO  | ActiveMQ Jolokia REST API available at http://127.0.0.1:8161/api/jolokia/ | org.apache.activemq.web.WebConsoleStarter | main
2021-05-01 10:05:01,228 | INFO  | Apache ActiveMQ 5.16.2 (localhost, ID:Mahesh-59731-1619843376488-0:1) is shutting down | org.apache.activemq.broker.BrokerService | ActiveMQ ShutdownHook
2021-05-01 10:05:01,231 | INFO  | Connector openwire stopped | org.apache.activemq.broker.TransportConnector | ActiveMQ ShutdownHook
2021-05-01 10:05:01,233 | INFO  | Connector amqp stopped | org.apache.activemq.broker.TransportConnector | ActiveMQ ShutdownHook
2021-05-01 10:05:01,234 | INFO  | Connector stomp stopped | org.apache.activemq.broker.TransportConnector | ActiveMQ ShutdownHook
2021-05-01 10:05:01,236 | INFO  | Connector mqtt stopped | org.apache.activemq.broker.TransportConnector | ActiveMQ ShutdownHook
2021-05-01 10:05:01,244 | INFO  | Connector ws stopped | org.apache.activemq.broker.TransportConnector | ActiveMQ ShutdownHook
2021-05-01 10:05:01,249 | INFO  | PListStore:[C:\Mahesh\code\hsbc_case_study\hsbc_case_study\apache-activemq-5.16.2\bin\..\data\localhost\tmp_storage] stopped | org.apache.activemq.store.kahadb.plist.PListStoreImpl | ActiveMQ ShutdownHook
2021-05-01 10:05:01,250 | INFO  | Stopping async queue tasks | org.apache.activemq.store.kahadb.KahaDBStore | ActiveMQ ShutdownHook
2021-05-01 10:05:01,251 | INFO  | Stopping async topic tasks | org.apache.activemq.store.kahadb.KahaDBStore | ActiveMQ ShutdownHook
2021-05-01 10:05:01,252 | INFO  | Stopped KahaDB | org.apache.activemq.store.kahadb.KahaDBStore | ActiveMQ ShutdownHook
2021-05-01 10:05:01,415 | INFO  | Apache ActiveMQ 5.16.2 (localhost, ID:Mahesh-59731-1619843376488-0:1) uptime 5 minutes | org.apache.activemq.broker.BrokerService | ActiveMQ ShutdownHook
2021-05-01 10:05:01,416 | INFO  | Apache ActiveMQ 5.16.2 (localhost, ID:Mahesh-59731-1619843376488-0:1) is shutdown | org.apache.activemq.broker.BrokerService | ActiveMQ ShutdownHook
2021-05-01 10:05:01,417 | INFO  | Closing org.apache.activemq.xbean.XBeanBrokerFactory$1@71423665: startup date [Sat May 01 09:59:35 IST 2021]; root of context hierarchy | org.apache.activemq.xbean.XBeanBrokerFactory$1 | ActiveMQ ShutdownHook
2021-05-01 12:55:47,528 | INFO  | Refreshing org.apache.activemq.xbean.XBeanBrokerFactory$1@71423665: startup date [Sat May 01 12:55:47 IST 2021]; root of context hierarchy | org.apache.activemq.xbean.XBeanBrokerFactory$1 | main
2021-05-01 12:55:48,666 | INFO  | Using Persistence Adapter: KahaDBPersistenceAdapter[C:\Mahesh\code\hsbc_case_study\hsbc_case_study\apache-activemq-5.16.2\bin\..\data\kahadb] | org.apache.activemq.broker.BrokerService | main
2021-05-01 12:55:48,864 | INFO  | KahaDB is version 7 | org.apache.activemq.store.kahadb.MessageDatabase | main
2021-05-01 12:55:48,954 | INFO  | PListStore:[C:\Mahesh\code\hsbc_case_study\hsbc_case_study\apache-activemq-5.16.2\bin\..\data\localhost\tmp_storage] started | org.apache.activemq.store.kahadb.plist.PListStoreImpl | main
2021-05-01 12:55:49,090 | INFO  | Apache ActiveMQ 5.16.2 (localhost, ID:Mahesh-64608-1619853948966-0:1) is starting | org.apache.activemq.broker.BrokerService | main
2021-05-01 12:55:49,172 | INFO  | Listening for connections at: tcp://Mahesh:61616?maximumConnections=1000&wireFormat.maxFrameSize=104857600 | org.apache.activemq.transport.TransportServerThreadSupport | main
2021-05-01 12:55:49,174 | INFO  | Connector openwire started | org.apache.activemq.broker.TransportConnector | main
2021-05-01 12:55:49,182 | INFO  | Listening for connections at: amqp://Mahesh:5672?maximumConnections=1000&wireFormat.maxFrameSize=104857600 | org.apache.activemq.transport.TransportServerThreadSupport | main
2021-05-01 12:55:49,185 | INFO  | Connector amqp started | org.apache.activemq.broker.TransportConnector | main
2021-05-01 12:55:49,192 | INFO  | Listening for connections at: stomp://Mahesh:61613?maximumConnections=1000&wireFormat.maxFrameSize=104857600 | org.apache.activemq.transport.TransportServerThreadSupport | main
2021-05-01 12:55:49,195 | INFO  | Connector stomp started | org.apache.activemq.broker.TransportConnector | main
2021-05-01 12:55:49,202 | INFO  | Listening for connections at: mqtt://Mahesh:1883?maximumConnections=1000&wireFormat.maxFrameSize=104857600 | org.apache.activemq.transport.TransportServerThreadSupport | main
2021-05-01 12:55:49,204 | INFO  | Connector mqtt started | org.apache.activemq.broker.TransportConnector | main
2021-05-01 12:55:49,213 | INFO  | Starting Jetty server | org.apache.activemq.transport.WebTransportServerSupport | main
2021-05-01 12:55:49,297 | INFO  | Creating Jetty connector | org.apache.activemq.transport.WebTransportServerSupport | main
2021-05-01 12:55:49,426 | WARN  | ServletContext@o.e.j.s.ServletContextHandler@4d9ac0b4{/,null,STARTING} has uncovered http methods for path: / | org.eclipse.jetty.security.SecurityHandler | main
2021-05-01 12:55:49,504 | INFO  | Listening for connections at ws://Mahesh:61614?maximumConnections=1000&wireFormat.maxFrameSize=104857600 | org.apache.activemq.transport.ws.WSTransportServer | main
2021-05-01 12:55:49,506 | INFO  | Connector ws started | org.apache.activemq.broker.TransportConnector | main
2021-05-01 12:55:49,508 | INFO  | Apache ActiveMQ 5.16.2 (localhost, ID:Mahesh-64608-1619853948966-0:1) started | org.apache.activemq.broker.BrokerService | main
2021-05-01 12:55:49,510 | INFO  | For help or more information please see: http://activemq.apache.org | org.apache.activemq.broker.BrokerService | main
2021-05-01 12:55:50,599 | INFO  | ActiveMQ WebConsole available at http://127.0.0.1:8161/ | org.apache.activemq.web.WebConsoleStarter | main
2021-05-01 12:55:50,600 | INFO  | ActiveMQ Jolokia REST API available at http://127.0.0.1:8161/api/jolokia/ | org.apache.activemq.web.WebConsoleStarter | main
2021-05-01 13:11:45,191 | INFO  | Connector vm://localhost started | org.apache.activemq.broker.TransportConnector | qtp1178290888-39
2021-05-01 13:12:08,603 | WARN  | /admin/purgeDestination.action | org.eclipse.jetty.server.HttpChannel | qtp1178290888-39
javax.servlet.ServletException: javax.servlet.ServletException: org.springframework.web.util.NestedServletException: Request processing failed; nested exception is java.lang.UnsupportedOperationException: Possible CSRF attack
	at org.eclipse.jetty.server.handler.HandlerCollection.handle(HandlerCollection.java:162)
	at org.eclipse.jetty.server.handler.HandlerWrapper.handle(HandlerWrapper.java:127)
	at org.eclipse.jetty.server.Server.handle(Server.java:516)
	at org.eclipse.jetty.server.HttpChannel.lambda$handle$1(HttpChannel.java:388)
	at org.eclipse.jetty.server.HttpChannel.dispatch(HttpChannel.java:633)
	at org.eclipse.jetty.server.HttpChannel.handle(HttpChannel.java:380)
	at org.eclipse.jetty.server.HttpConnection.onFillable(HttpConnection.java:279)
	at org.eclipse.jetty.io.AbstractConnection$ReadCallback.succeeded(AbstractConnection.java:311)
	at org.eclipse.jetty.io.FillInterest.fillable(FillInterest.java:105)
	at org.eclipse.jetty.io.ChannelEndPoint$1.run(ChannelEndPoint.java:104)
	at org.eclipse.jetty.util.thread.strategy.EatWhatYouKill.runTask(EatWhatYouKill.java:336)
	at org.eclipse.jetty.util.thread.strategy.EatWhatYouKill.doProduce(EatWhatYouKill.java:313)
	at org.eclipse.jetty.util.thread.strategy.EatWhatYouKill.tryProduce(EatWhatYouKill.java:171)
	at org.eclipse.jetty.util.thread.strategy.EatWhatYouKill.run(EatWhatYouKill.java:129)
	at org.eclipse.jetty.util.thread.ReservedThreadExecutor$ReservedThread.run(ReservedThreadExecutor.java:383)
	at org.eclipse.jetty.util.thread.QueuedThreadPool.runJob(QueuedThreadPool.java:882)
	at org.eclipse.jetty.util.thread.QueuedThreadPool$Runner.run(QueuedThreadPool.java:1036)
	at java.lang.Thread.run(Thread.java:748)
Caused by: javax.servlet.ServletException: org.springframework.web.util.NestedServletException: Request processing failed; nested exception is java.lang.UnsupportedOperationException: Possible CSRF attack
	at org.eclipse.jetty.server.handler.HandlerCollection.handle(HandlerCollection.java:162)
	at org.eclipse.jetty.security.SecurityHandler.handle(SecurityHandler.java:567)
	at org.eclipse.jetty.server.handler.HandlerCollection.handle(HandlerCollection.java:146)
	... 17 more
Caused by: org.springframework.web.util.NestedServletException: Request processing failed; nested exception is java.lang.UnsupportedOperationException: Possible CSRF attack
	at org.springframework.web.servlet.FrameworkServlet.processRequest(FrameworkServlet.java:982)
	at org.springframework.web.servlet.FrameworkServlet.doGet(FrameworkServlet.java:861)
	at javax.servlet.http.HttpServlet.service(HttpServlet.java:687)
	at org.springframework.web.servlet.FrameworkServlet.service(FrameworkServlet.java:846)
	at javax.servlet.http.HttpServlet.service(HttpServlet.java:790)
	at org.eclipse.jetty.servlet.ServletHolder$NotAsync.service(ServletHolder.java:1452)
	at org.eclipse.jetty.servlet.ServletHolder.handle(ServletHolder.java:791)
	at org.eclipse.jetty.servlet.ServletHandler$ChainEnd.doFilter(ServletHandler.java:1626)
	at org.eclipse.jetty.websocket.server.WebSocketUpgradeFilter.doFilter(WebSocketUpgradeFilter.java:228)
	at org.eclipse.jetty.servlet.FilterHolder.doFilter(FilterHolder.java:193)
	at org.eclipse.jetty.servlet.ServletHandler$Chain.doFilter(ServletHandler.java:1601)
	at org.apache.activemq.web.AuditFilter.doFilter(AuditFilter.java:59)
	at org.eclipse.jetty.servlet.FilterHolder.doFilter(FilterHolder.java:193)
	at org.eclipse.jetty.servlet.ServletHandler$Chain.doFilter(ServletHandler.java:1601)
	at org.springframework.web.filter.RequestContextFilter.doFilterInternal(RequestContextFilter.java:99)
	at org.springframework.web.filter.OncePerRequestFilter.doFilter(OncePerRequestFilter.java:107)
	at org.eclipse.jetty.servlet.FilterHolder.doFilter(FilterHolder.java:193)
	at org.eclipse.jetty.servlet.ServletHandler$Chain.doFilter(ServletHandler.java:1601)
	at org.apache.activemq.web.filter.ApplicationContextFilter.doFilter(ApplicationContextFilter.java:102)
	at org.eclipse.jetty.servlet.FilterHolder.doFilter(FilterHolder.java:201)
	at org.eclipse.jetty.servlet.ServletHandler$Chain.doFilter(ServletHandler.java:1601)
	at org.eclipse.jetty.servlet.ServletHandler.doHandle(ServletHandler.java:548)
	at org.eclipse.jetty.server.handler.ScopedHandler.handle(ScopedHandler.java:143)
	at org.eclipse.jetty.security.SecurityHandler.handle(SecurityHandler.java:567)
	at org.eclipse.jetty.server.handler.HandlerWrapper.handle(HandlerWrapper.java:127)
	at org.eclipse.jetty.server.handler.ScopedHandler.nextHandle(ScopedHandler.java:235)
	at org.eclipse.jetty.server.session.SessionHandler.doHandle(SessionHandler.java:1624)
	at org.eclipse.jetty.server.handler.ScopedHandler.nextHandle(ScopedHandler.java:233)
	at org.eclipse.jetty.server.handler.ContextHandler.doHandle(ContextHandler.java:1435)
	at org.eclipse.jetty.server.handler.ScopedHandler.nextScope(ScopedHandler.java:188)
	at org.eclipse.jetty.servlet.ServletHandler.doScope(ServletHandler.java:501)
	at org.eclipse.jetty.server.session.SessionHandler.doScope(SessionHandler.java:1594)
	at org.eclipse.jetty.server.handler.ScopedHandler.nextScope(ScopedHandler.java:186)
	at org.eclipse.jetty.server.handler.ContextHandler.doScope(ContextHandler.java:1350)
	at org.eclipse.jetty.server.handler.ScopedHandler.handle(ScopedHandler.java:141)
	at org.eclipse.jetty.server.handler.HandlerCollection.handle(HandlerCollection.java:146)
	... 19 more
Caused by: java.lang.UnsupportedOperationException: Possible CSRF attack
	at org.apache.activemq.web.handler.BindingBeanNameUrlHandlerMapping.getHandlerInternal(BindingBeanNameUrlHandlerMapping.java:59)
	at org.springframework.web.servlet.handler.AbstractHandlerMapping.getHandler(AbstractHandlerMapping.java:353)
	at org.springframework.web.servlet.DispatcherServlet.getHandler(DispatcherServlet.java:1160)
	at org.springframework.web.servlet.DispatcherServlet.doDispatch(DispatcherServlet.java:940)
	at org.springframework.web.servlet.DispatcherServlet.doService(DispatcherServlet.java:901)
	at org.springframework.web.servlet.FrameworkServlet.processRequest(FrameworkServlet.java:970)
	... 54 more
2021-05-01 13:13:20,085 | WARN  | /admin/deleteMessage.action | org.eclipse.jetty.server.HttpChannel | qtp1178290888-37
javax.servlet.ServletException: javax.servlet.ServletException: org.springframework.web.util.NestedServletException: Request processing failed; nested exception is java.lang.UnsupportedOperationException: Possible CSRF attack
	at org.eclipse.jetty.server.handler.HandlerCollection.handle(HandlerCollection.java:162)
	at org.eclipse.jetty.server.handler.HandlerWrapper.handle(HandlerWrapper.java:127)
	at org.eclipse.jetty.server.Server.handle(Server.java:516)
	at org.eclipse.jetty.server.HttpChannel.lambda$handle$1(HttpChannel.java:388)
	at org.eclipse.jetty.server.HttpChannel.dispatch(HttpChannel.java:633)
	at org.eclipse.jetty.server.HttpChannel.handle(HttpChannel.java:380)
	at org.eclipse.jetty.server.HttpConnection.onFillable(HttpConnection.java:279)
	at org.eclipse.jetty.io.AbstractConnection$ReadCallback.succeeded(AbstractConnection.java:311)
	at org.eclipse.jetty.io.FillInterest.fillable(FillInterest.java:105)
	at org.eclipse.jetty.io.ChannelEndPoint$1.run(ChannelEndPoint.java:104)
	at org.eclipse.jetty.util.thread.strategy.EatWhatYouKill.runTask(EatWhatYouKill.java:336)
	at org.eclipse.jetty.util.thread.strategy.EatWhatYouKill.doProduce(EatWhatYouKill.java:313)
	at org.eclipse.jetty.util.thread.strategy.EatWhatYouKill.tryProduce(EatWhatYouKill.java:171)
	at org.eclipse.jetty.util.thread.strategy.EatWhatYouKill.run(EatWhatYouKill.java:129)
	at org.eclipse.jetty.util.thread.ReservedThreadExecutor$ReservedThread.run(ReservedThreadExecutor.java:383)
	at org.eclipse.jetty.util.thread.QueuedThreadPool.runJob(QueuedThreadPool.java:882)
	at org.eclipse.jetty.util.thread.QueuedThreadPool$Runner.run(QueuedThreadPool.java:1036)
	at java.lang.Thread.run(Thread.java:748)
Caused by: javax.servlet.ServletException: org.springframework.web.util.NestedServletException: Request processing failed; nested exception is java.lang.UnsupportedOperationException: Possible CSRF attack
	at org.eclipse.jetty.server.handler.HandlerCollection.handle(HandlerCollection.java:162)
	at org.eclipse.jetty.security.SecurityHandler.handle(SecurityHandler.java:567)
	at org.eclipse.jetty.server.handler.HandlerCollection.handle(HandlerCollection.java:146)
	... 17 more
Caused by: org.springframework.web.util.NestedServletException: Request processing failed; nested exception is java.lang.UnsupportedOperationException: Possible CSRF attack
	at org.springframework.web.servlet.FrameworkServlet.processRequest(FrameworkServlet.java:982)
	at org.springframework.web.servlet.FrameworkServlet.doGet(FrameworkServlet.java:861)
	at javax.servlet.http.HttpServlet.service(HttpServlet.java:687)
	at org.springframework.web.servlet.FrameworkServlet.service(FrameworkServlet.java:846)
	at javax.servlet.http.HttpServlet.service(HttpServlet.java:790)
	at org.eclipse.jetty.servlet.ServletHolder$NotAsync.service(ServletHolder.java:1452)
	at org.eclipse.jetty.servlet.ServletHolder.handle(ServletHolder.java:791)
	at org.eclipse.jetty.servlet.ServletHandler$ChainEnd.doFilter(ServletHandler.java:1626)
	at org.eclipse.jetty.websocket.server.WebSocketUpgradeFilter.doFilter(WebSocketUpgradeFilter.java:228)
	at org.eclipse.jetty.servlet.FilterHolder.doFilter(FilterHolder.java:193)
	at org.eclipse.jetty.servlet.ServletHandler$Chain.doFilter(ServletHandler.java:1601)
	at org.apache.activemq.web.AuditFilter.doFilter(AuditFilter.java:59)
	at org.eclipse.jetty.servlet.FilterHolder.doFilter(FilterHolder.java:193)
	at org.eclipse.jetty.servlet.ServletHandler$Chain.doFilter(ServletHandler.java:1601)
	at org.springframework.web.filter.RequestContextFilter.doFilterInternal(RequestContextFilter.java:99)
	at org.springframework.web.filter.OncePerRequestFilter.doFilter(OncePerRequestFilter.java:107)
	at org.eclipse.jetty.servlet.FilterHolder.doFilter(FilterHolder.java:193)
	at org.eclipse.jetty.servlet.ServletHandler$Chain.doFilter(ServletHandler.java:1601)
	at org.apache.activemq.web.filter.ApplicationContextFilter.doFilter(ApplicationContextFilter.java:102)
	at org.eclipse.jetty.servlet.FilterHolder.doFilter(FilterHolder.java:201)
	at org.eclipse.jetty.servlet.ServletHandler$Chain.doFilter(ServletHandler.java:1601)
	at org.eclipse.jetty.servlet.ServletHandler.doHandle(ServletHandler.java:548)
	at org.eclipse.jetty.server.handler.ScopedHandler.handle(ScopedHandler.java:143)
	at org.eclipse.jetty.security.SecurityHandler.handle(SecurityHandler.java:567)
	at org.eclipse.jetty.server.handler.HandlerWrapper.handle(HandlerWrapper.java:127)
	at org.eclipse.jetty.server.handler.ScopedHandler.nextHandle(ScopedHandler.java:235)
	at org.eclipse.jetty.server.session.SessionHandler.doHandle(SessionHandler.java:1624)
	at org.eclipse.jetty.server.handler.ScopedHandler.nextHandle(ScopedHandler.java:233)
	at org.eclipse.jetty.server.handler.ContextHandler.doHandle(ContextHandler.java:1435)
	at org.eclipse.jetty.server.handler.ScopedHandler.nextScope(ScopedHandler.java:188)
	at org.eclipse.jetty.servlet.ServletHandler.doScope(ServletHandler.java:501)
	at org.eclipse.jetty.server.session.SessionHandler.doScope(SessionHandler.java:1594)
	at org.eclipse.jetty.server.handler.ScopedHandler.nextScope(ScopedHandler.java:186)
	at org.eclipse.jetty.server.handler.ContextHandler.doScope(ContextHandler.java:1350)
	at org.eclipse.jetty.server.handler.ScopedHandler.handle(ScopedHandler.java:141)
	at org.eclipse.jetty.server.handler.HandlerCollection.handle(HandlerCollection.java:146)
	... 19 more
Caused by: java.lang.UnsupportedOperationException: Possible CSRF attack
	at org.apache.activemq.web.handler.BindingBeanNameUrlHandlerMapping.getHandlerInternal(BindingBeanNameUrlHandlerMapping.java:59)
	at org.springframework.web.servlet.handler.AbstractHandlerMapping.getHandler(AbstractHandlerMapping.java:353)
	at org.springframework.web.servlet.DispatcherServlet.getHandler(DispatcherServlet.java:1160)
	at org.springframework.web.servlet.DispatcherServlet.doDispatch(DispatcherServlet.java:940)
	at org.springframework.web.servlet.DispatcherServlet.doService(DispatcherServlet.java:901)
	at org.springframework.web.servlet.FrameworkServlet.processRequest(FrameworkServlet.java:970)
	... 54 more
2021-05-01 13:17:05,821 | INFO  | Apache ActiveMQ 5.16.2 (localhost, ID:Mahesh-64608-1619853948966-0:1) is shutting down | org.apache.activemq.broker.BrokerService | Thread-22
2021-05-01 13:17:05,823 | INFO  | Connector openwire stopped | org.apache.activemq.broker.TransportConnector | Thread-22
2021-05-01 13:17:05,825 | INFO  | Connector amqp stopped | org.apache.activemq.broker.TransportConnector | Thread-22
2021-05-01 13:17:05,826 | INFO  | Connector stomp stopped | org.apache.activemq.broker.TransportConnector | Thread-22
2021-05-01 13:17:05,828 | INFO  | Connector mqtt stopped | org.apache.activemq.broker.TransportConnector | Thread-22
2021-05-01 13:17:05,857 | INFO  | Connector ws stopped | org.apache.activemq.broker.TransportConnector | Thread-22
2021-05-01 13:17:05,860 | INFO  | Connector vm://localhost stopped | org.apache.activemq.broker.TransportConnector | Thread-22
2021-05-01 13:17:05,877 | INFO  | PListStore:[C:\Mahesh\code\hsbc_case_study\hsbc_case_study\apache-activemq-5.16.2\bin\..\data\localhost\tmp_storage] stopped | org.apache.activemq.store.kahadb.plist.PListStoreImpl | Thread-22
2021-05-01 13:17:05,879 | INFO  | Stopping async queue tasks | org.apache.activemq.store.kahadb.KahaDBStore | Thread-22
2021-05-01 13:17:05,880 | INFO  | Stopping async topic tasks | org.apache.activemq.store.kahadb.KahaDBStore | Thread-22
2021-05-01 13:17:05,881 | INFO  | Stopped KahaDB | org.apache.activemq.store.kahadb.KahaDBStore | Thread-22
2021-05-01 13:17:06,137 | INFO  | Apache ActiveMQ 5.16.2 (localhost, ID:Mahesh-64608-1619853948966-0:1) uptime 21 minutes | org.apache.activemq.broker.BrokerService | Thread-22
2021-05-01 13:17:06,138 | INFO  | Apache ActiveMQ 5.16.2 (localhost, ID:Mahesh-64608-1619853948966-0:1) is shutdown | org.apache.activemq.broker.BrokerService | Thread-22
2021-05-01 13:17:06,139 | INFO  | Closing org.apache.activemq.xbean.XBeanBrokerFactory$1@71423665: startup date [Sat May 01 12:55:47 IST 2021]; root of context hierarchy | org.apache.activemq.xbean.XBeanBrokerFactory$1 | Thread-22
2021-05-01 13:17:12,123 | INFO  | Refreshing org.apache.activemq.xbean.XBeanBrokerFactory$1@71423665: startup date [Sat May 01 13:17:12 IST 2021]; root of context hierarchy | org.apache.activemq.xbean.XBeanBrokerFactory$1 | main
2021-05-01 13:17:13,189 | INFO  | Using Persistence Adapter: KahaDBPersistenceAdapter[C:\Mahesh\code\hsbc_case_study\hsbc_case_study\apache-activemq-5.16.2\bin\..\data\kahadb] | org.apache.activemq.broker.BrokerService | main
2021-05-01 13:17:13,423 | INFO  | KahaDB is version 7 | org.apache.activemq.store.kahadb.MessageDatabase | main
2021-05-01 13:17:13,510 | INFO  | PListStore:[C:\Mahesh\code\hsbc_case_study\hsbc_case_study\apache-activemq-5.16.2\bin\..\data\localhost\tmp_storage] started | org.apache.activemq.store.kahadb.plist.PListStoreImpl | main
2021-05-01 13:17:13,647 | INFO  | Apache ActiveMQ 5.16.2 (localhost, ID:Mahesh-64979-1619855233522-0:1) is starting | org.apache.activemq.broker.BrokerService | main
2021-05-01 13:17:13,724 | INFO  | Listening for connections at: tcp://Mahesh:61616?maximumConnections=1000&wireFormat.maxFrameSize=104857600 | org.apache.activemq.transport.TransportServerThreadSupport | main
2021-05-01 13:17:13,726 | INFO  | Connector openwire started | org.apache.activemq.broker.TransportConnector | main
2021-05-01 13:17:13,731 | INFO  | Listening for connections at: amqp://Mahesh:5672?maximumConnections=1000&wireFormat.maxFrameSize=104857600 | org.apache.activemq.transport.TransportServerThreadSupport | main
2021-05-01 13:17:13,733 | INFO  | Connector amqp started | org.apache.activemq.broker.TransportConnector | main
2021-05-01 13:17:13,738 | INFO  | Listening for connections at: stomp://Mahesh:61613?maximumConnections=1000&wireFormat.maxFrameSize=104857600 | org.apache.activemq.transport.TransportServerThreadSupport | main
2021-05-01 13:17:13,741 | INFO  | Connector stomp started | org.apache.activemq.broker.TransportConnector | main
2021-05-01 13:17:13,748 | INFO  | Listening for connections at: mqtt://Mahesh:1883?maximumConnections=1000&wireFormat.maxFrameSize=104857600 | org.apache.activemq.transport.TransportServerThreadSupport | main
2021-05-01 13:17:13,749 | INFO  | Connector mqtt started | org.apache.activemq.broker.TransportConnector | main
2021-05-01 13:17:13,756 | INFO  | Starting Jetty server | org.apache.activemq.transport.WebTransportServerSupport | main
2021-05-01 13:17:13,835 | INFO  | Creating Jetty connector | org.apache.activemq.transport.WebTransportServerSupport | main
2021-05-01 13:17:13,982 | WARN  | ServletContext@o.e.j.s.ServletContextHandler@495fac5f{/,null,STARTING} has uncovered http methods for path: / | org.eclipse.jetty.security.SecurityHandler | main
2021-05-01 13:17:14,065 | INFO  | Listening for connections at ws://Mahesh:61614?maximumConnections=1000&wireFormat.maxFrameSize=104857600 | org.apache.activemq.transport.ws.WSTransportServer | main
2021-05-01 13:17:14,068 | INFO  | Connector ws started | org.apache.activemq.broker.TransportConnector | main
2021-05-01 13:17:14,069 | INFO  | Apache ActiveMQ 5.16.2 (localhost, ID:Mahesh-64979-1619855233522-0:1) started | org.apache.activemq.broker.BrokerService | main
2021-05-01 13:17:14,071 | INFO  | For help or more information please see: http://activemq.apache.org | org.apache.activemq.broker.BrokerService | main
2021-05-01 13:17:15,073 | INFO  | ActiveMQ WebConsole available at http://127.0.0.1:8161/ | org.apache.activemq.web.WebConsoleStarter | main
2021-05-01 13:17:15,079 | INFO  | ActiveMQ Jolokia REST API available at http://127.0.0.1:8161/api/jolokia/ | org.apache.activemq.web.WebConsoleStarter | main
2021-05-01 13:27:58,866 | INFO  | Connector vm://localhost started | org.apache.activemq.broker.TransportConnector | qtp611289995-51
2021-05-01 13:47:05,742 | WARN  | /admin/deleteDestination.action | org.eclipse.jetty.server.HttpChannel | qtp611289995-40
javax.servlet.ServletException: javax.servlet.ServletException: org.springframework.web.util.NestedServletException: Request processing failed; nested exception is java.lang.UnsupportedOperationException: Possible CSRF attack
	at org.eclipse.jetty.server.handler.HandlerCollection.handle(HandlerCollection.java:162)
	at org.eclipse.jetty.server.handler.HandlerWrapper.handle(HandlerWrapper.java:127)
	at org.eclipse.jetty.server.Server.handle(Server.java:516)
	at org.eclipse.jetty.server.HttpChannel.lambda$handle$1(HttpChannel.java:388)
	at org.eclipse.jetty.server.HttpChannel.dispatch(HttpChannel.java:633)
	at org.eclipse.jetty.server.HttpChannel.handle(HttpChannel.java:380)
	at org.eclipse.jetty.server.HttpConnection.onFillable(HttpConnection.java:279)
	at org.eclipse.jetty.io.AbstractConnection$ReadCallback.succeeded(AbstractConnection.java:311)
	at org.eclipse.jetty.io.FillInterest.fillable(FillInterest.java:105)
	at org.eclipse.jetty.io.ChannelEndPoint$1.run(ChannelEndPoint.java:104)
	at org.eclipse.jetty.util.thread.strategy.EatWhatYouKill.runTask(EatWhatYouKill.java:336)
	at org.eclipse.jetty.util.thread.strategy.EatWhatYouKill.doProduce(EatWhatYouKill.java:313)
	at org.eclipse.jetty.util.thread.strategy.EatWhatYouKill.tryProduce(EatWhatYouKill.java:171)
	at org.eclipse.jetty.util.thread.strategy.EatWhatYouKill.run(EatWhatYouKill.java:129)
	at org.eclipse.jetty.util.thread.ReservedThreadExecutor$ReservedThread.run(ReservedThreadExecutor.java:383)
	at org.eclipse.jetty.util.thread.QueuedThreadPool.runJob(QueuedThreadPool.java:882)
	at org.eclipse.jetty.util.thread.QueuedThreadPool$Runner.run(QueuedThreadPool.java:1036)
	at java.lang.Thread.run(Thread.java:748)
Caused by: javax.servlet.ServletException: org.springframework.web.util.NestedServletException: Request processing failed; nested exception is java.lang.UnsupportedOperationException: Possible CSRF attack
	at org.eclipse.jetty.server.handler.HandlerCollection.handle(HandlerCollection.java:162)
	at org.eclipse.jetty.security.SecurityHandler.handle(SecurityHandler.java:567)
	at org.eclipse.jetty.server.handler.HandlerCollection.handle(HandlerCollection.java:146)
	... 17 more
Caused by: org.springframework.web.util.NestedServletException: Request processing failed; nested exception is java.lang.UnsupportedOperationException: Possible CSRF attack
	at org.springframework.web.servlet.FrameworkServlet.processRequest(FrameworkServlet.java:982)
	at org.springframework.web.servlet.FrameworkServlet.doGet(FrameworkServlet.java:861)
	at javax.servlet.http.HttpServlet.service(HttpServlet.java:687)
	at org.springframework.web.servlet.FrameworkServlet.service(FrameworkServlet.java:846)
	at javax.servlet.http.HttpServlet.service(HttpServlet.java:790)
	at org.eclipse.jetty.servlet.ServletHolder$NotAsync.service(ServletHolder.java:1452)
	at org.eclipse.jetty.servlet.ServletHolder.handle(ServletHolder.java:791)
	at org.eclipse.jetty.servlet.ServletHandler$ChainEnd.doFilter(ServletHandler.java:1626)
	at org.eclipse.jetty.websocket.server.WebSocketUpgradeFilter.doFilter(WebSocketUpgradeFilter.java:228)
	at org.eclipse.jetty.servlet.FilterHolder.doFilter(FilterHolder.java:193)
	at org.eclipse.jetty.servlet.ServletHandler$Chain.doFilter(ServletHandler.java:1601)
	at org.apache.activemq.web.AuditFilter.doFilter(AuditFilter.java:59)
	at org.eclipse.jetty.servlet.FilterHolder.doFilter(FilterHolder.java:193)
	at org.eclipse.jetty.servlet.ServletHandler$Chain.doFilter(ServletHandler.java:1601)
	at org.springframework.web.filter.RequestContextFilter.doFilterInternal(RequestContextFilter.java:99)
	at org.springframework.web.filter.OncePerRequestFilter.doFilter(OncePerRequestFilter.java:107)
	at org.eclipse.jetty.servlet.FilterHolder.doFilter(FilterHolder.java:193)
	at org.eclipse.jetty.servlet.ServletHandler$Chain.doFilter(ServletHandler.java:1601)
	at org.apache.activemq.web.filter.ApplicationContextFilter.doFilter(ApplicationContextFilter.java:102)
	at org.eclipse.jetty.servlet.FilterHolder.doFilter(FilterHolder.java:201)
	at org.eclipse.jetty.servlet.ServletHandler$Chain.doFilter(ServletHandler.java:1601)
	at org.eclipse.jetty.servlet.ServletHandler.doHandle(ServletHandler.java:548)
	at org.eclipse.jetty.server.handler.ScopedHandler.handle(ScopedHandler.java:143)
	at org.eclipse.jetty.security.SecurityHandler.handle(SecurityHandler.java:567)
	at org.eclipse.jetty.server.handler.HandlerWrapper.handle(HandlerWrapper.java:127)
	at org.eclipse.jetty.server.handler.ScopedHandler.nextHandle(ScopedHandler.java:235)
	at org.eclipse.jetty.server.session.SessionHandler.doHandle(SessionHandler.java:1624)
	at org.eclipse.jetty.server.handler.ScopedHandler.nextHandle(ScopedHandler.java:233)
	at org.eclipse.jetty.server.handler.ContextHandler.doHandle(ContextHandler.java:1435)
	at org.eclipse.jetty.server.handler.ScopedHandler.nextScope(ScopedHandler.java:188)
	at org.eclipse.jetty.servlet.ServletHandler.doScope(ServletHandler.java:501)
	at org.eclipse.jetty.server.session.SessionHandler.doScope(SessionHandler.java:1594)
	at org.eclipse.jetty.server.handler.ScopedHandler.nextScope(ScopedHandler.java:186)
	at org.eclipse.jetty.server.handler.ContextHandler.doScope(ContextHandler.java:1350)
	at org.eclipse.jetty.server.handler.ScopedHandler.handle(ScopedHandler.java:141)
	at org.eclipse.jetty.server.handler.HandlerCollection.handle(HandlerCollection.java:146)
	... 19 more
Caused by: java.lang.UnsupportedOperationException: Possible CSRF attack
	at org.apache.activemq.web.handler.BindingBeanNameUrlHandlerMapping.getHandlerInternal(BindingBeanNameUrlHandlerMapping.java:59)
	at org.springframework.web.servlet.handler.AbstractHandlerMapping.getHandler(AbstractHandlerMapping.java:353)
	at org.springframework.web.servlet.DispatcherServlet.getHandler(DispatcherServlet.java:1160)
	at org.springframework.web.servlet.DispatcherServlet.doDispatch(DispatcherServlet.java:940)
	at org.springframework.web.servlet.DispatcherServlet.doService(DispatcherServlet.java:901)
	at org.springframework.web.servlet.FrameworkServlet.processRequest(FrameworkServlet.java:970)
	... 54 more
2021-05-01 13:47:10,301 | WARN  | /admin/deleteDestination.action | org.eclipse.jetty.server.HttpChannel | qtp611289995-49
javax.servlet.ServletException: javax.servlet.ServletException: org.springframework.web.util.NestedServletException: Request processing failed; nested exception is java.lang.UnsupportedOperationException: Possible CSRF attack
	at org.eclipse.jetty.server.handler.HandlerCollection.handle(HandlerCollection.java:162)
	at org.eclipse.jetty.server.handler.HandlerWrapper.handle(HandlerWrapper.java:127)
	at org.eclipse.jetty.server.Server.handle(Server.java:516)
	at org.eclipse.jetty.server.HttpChannel.lambda$handle$1(HttpChannel.java:388)
	at org.eclipse.jetty.server.HttpChannel.dispatch(HttpChannel.java:633)
	at org.eclipse.jetty.server.HttpChannel.handle(HttpChannel.java:380)
	at org.eclipse.jetty.server.HttpConnection.onFillable(HttpConnection.java:279)
	at org.eclipse.jetty.io.AbstractConnection$ReadCallback.succeeded(AbstractConnection.java:311)
	at org.eclipse.jetty.io.FillInterest.fillable(FillInterest.java:105)
	at org.eclipse.jetty.io.ChannelEndPoint$1.run(ChannelEndPoint.java:104)
	at org.eclipse.jetty.util.thread.strategy.EatWhatYouKill.runTask(EatWhatYouKill.java:336)
	at org.eclipse.jetty.util.thread.strategy.EatWhatYouKill.doProduce(EatWhatYouKill.java:313)
	at org.eclipse.jetty.util.thread.strategy.EatWhatYouKill.tryProduce(EatWhatYouKill.java:171)
	at org.eclipse.jetty.util.thread.strategy.EatWhatYouKill.run(EatWhatYouKill.java:129)
	at org.eclipse.jetty.util.thread.ReservedThreadExecutor$ReservedThread.run(ReservedThreadExecutor.java:383)
	at org.eclipse.jetty.util.thread.QueuedThreadPool.runJob(QueuedThreadPool.java:882)
	at org.eclipse.jetty.util.thread.QueuedThreadPool$Runner.run(QueuedThreadPool.java:1036)
	at java.lang.Thread.run(Thread.java:748)
Caused by: javax.servlet.ServletException: org.springframework.web.util.NestedServletException: Request processing failed; nested exception is java.lang.UnsupportedOperationException: Possible CSRF attack
	at org.eclipse.jetty.server.handler.HandlerCollection.handle(HandlerCollection.java:162)
	at org.eclipse.jetty.security.SecurityHandler.handle(SecurityHandler.java:567)
	at org.eclipse.jetty.server.handler.HandlerCollection.handle(HandlerCollection.java:146)
	... 17 more
Caused by: org.springframework.web.util.NestedServletException: Request processing failed; nested exception is java.lang.UnsupportedOperationException: Possible CSRF attack
	at org.springframework.web.servlet.FrameworkServlet.processRequest(FrameworkServlet.java:982)
	at org.springframework.web.servlet.FrameworkServlet.doGet(FrameworkServlet.java:861)
	at javax.servlet.http.HttpServlet.service(HttpServlet.java:687)
	at org.springframework.web.servlet.FrameworkServlet.service(FrameworkServlet.java:846)
	at javax.servlet.http.HttpServlet.service(HttpServlet.java:790)
	at org.eclipse.jetty.servlet.ServletHolder$NotAsync.service(ServletHolder.java:1452)
	at org.eclipse.jetty.servlet.ServletHolder.handle(ServletHolder.java:791)
	at org.eclipse.jetty.servlet.ServletHandler$ChainEnd.doFilter(ServletHandler.java:1626)
	at org.eclipse.jetty.websocket.server.WebSocketUpgradeFilter.doFilter(WebSocketUpgradeFilter.java:228)
	at org.eclipse.jetty.servlet.FilterHolder.doFilter(FilterHolder.java:193)
	at org.eclipse.jetty.servlet.ServletHandler$Chain.doFilter(ServletHandler.java:1601)
	at org.apache.activemq.web.AuditFilter.doFilter(AuditFilter.java:59)
	at org.eclipse.jetty.servlet.FilterHolder.doFilter(FilterHolder.java:193)
	at org.eclipse.jetty.servlet.ServletHandler$Chain.doFilter(ServletHandler.java:1601)
	at org.springframework.web.filter.RequestContextFilter.doFilterInternal(RequestContextFilter.java:99)
	at org.springframework.web.filter.OncePerRequestFilter.doFilter(OncePerRequestFilter.java:107)
	at org.eclipse.jetty.servlet.FilterHolder.doFilter(FilterHolder.java:193)
	at org.eclipse.jetty.servlet.ServletHandler$Chain.doFilter(ServletHandler.java:1601)
	at org.apache.activemq.web.filter.ApplicationContextFilter.doFilter(ApplicationContextFilter.java:102)
	at org.eclipse.jetty.servlet.FilterHolder.doFilter(FilterHolder.java:201)
	at org.eclipse.jetty.servlet.ServletHandler$Chain.doFilter(ServletHandler.java:1601)
	at org.eclipse.jetty.servlet.ServletHandler.doHandle(ServletHandler.java:548)
	at org.eclipse.jetty.server.handler.ScopedHandler.handle(ScopedHandler.java:143)
	at org.eclipse.jetty.security.SecurityHandler.handle(SecurityHandler.java:567)
	at org.eclipse.jetty.server.handler.HandlerWrapper.handle(HandlerWrapper.java:127)
	at org.eclipse.jetty.server.handler.ScopedHandler.nextHandle(ScopedHandler.java:235)
	at org.eclipse.jetty.server.session.SessionHandler.doHandle(SessionHandler.java:1624)
	at org.eclipse.jetty.server.handler.ScopedHandler.nextHandle(ScopedHandler.java:233)
	at org.eclipse.jetty.server.handler.ContextHandler.doHandle(ContextHandler.java:1435)
	at org.eclipse.jetty.server.handler.ScopedHandler.nextScope(ScopedHandler.java:188)
	at org.eclipse.jetty.servlet.ServletHandler.doScope(ServletHandler.java:501)
	at org.eclipse.jetty.server.session.SessionHandler.doScope(SessionHandler.java:1594)
	at org.eclipse.jetty.server.handler.ScopedHandler.nextScope(ScopedHandler.java:186)
	at org.eclipse.jetty.server.handler.ContextHandler.doScope(ContextHandler.java:1350)
	at org.eclipse.jetty.server.handler.ScopedHandler.handle(ScopedHandler.java:141)
	at org.eclipse.jetty.server.handler.HandlerCollection.handle(HandlerCollection.java:146)
	... 19 more
Caused by: java.lang.UnsupportedOperationException: Possible CSRF attack
	at org.apache.activemq.web.handler.BindingBeanNameUrlHandlerMapping.getHandlerInternal(BindingBeanNameUrlHandlerMapping.java:59)
	at org.springframework.web.servlet.handler.AbstractHandlerMapping.getHandler(AbstractHandlerMapping.java:353)
	at org.springframework.web.servlet.DispatcherServlet.getHandler(DispatcherServlet.java:1160)
	at org.springframework.web.servlet.DispatcherServlet.doDispatch(DispatcherServlet.java:940)
	at org.springframework.web.servlet.DispatcherServlet.doService(DispatcherServlet.java:901)
	at org.springframework.web.servlet.FrameworkServlet.processRequest(FrameworkServlet.java:970)
	... 54 more
2021-05-01 13:47:16,428 | WARN  | /admin/deleteDestination.action | org.eclipse.jetty.server.HttpChannel | qtp611289995-35
javax.servlet.ServletException: javax.servlet.ServletException: org.springframework.web.util.NestedServletException: Request processing failed; nested exception is java.lang.UnsupportedOperationException: Possible CSRF attack
	at org.eclipse.jetty.server.handler.HandlerCollection.handle(HandlerCollection.java:162)
	at org.eclipse.jetty.server.handler.HandlerWrapper.handle(HandlerWrapper.java:127)
	at org.eclipse.jetty.server.Server.handle(Server.java:516)
	at org.eclipse.jetty.server.HttpChannel.lambda$handle$1(HttpChannel.java:388)
	at org.eclipse.jetty.server.HttpChannel.dispatch(HttpChannel.java:633)
	at org.eclipse.jetty.server.HttpChannel.handle(HttpChannel.java:380)
	at org.eclipse.jetty.server.HttpConnection.onFillable(HttpConnection.java:279)
	at org.eclipse.jetty.io.AbstractConnection$ReadCallback.succeeded(AbstractConnection.java:311)
	at org.eclipse.jetty.io.FillInterest.fillable(FillInterest.java:105)
	at org.eclipse.jetty.io.ChannelEndPoint$1.run(ChannelEndPoint.java:104)
	at org.eclipse.jetty.util.thread.strategy.EatWhatYouKill.runTask(EatWhatYouKill.java:336)
	at org.eclipse.jetty.util.thread.strategy.EatWhatYouKill.doProduce(EatWhatYouKill.java:313)
	at org.eclipse.jetty.util.thread.strategy.EatWhatYouKill.tryProduce(EatWhatYouKill.java:171)
	at org.eclipse.jetty.util.thread.strategy.EatWhatYouKill.run(EatWhatYouKill.java:129)
	at org.eclipse.jetty.util.thread.ReservedThreadExecutor$ReservedThread.run(ReservedThreadExecutor.java:383)
	at org.eclipse.jetty.util.thread.QueuedThreadPool.runJob(QueuedThreadPool.java:882)
	at org.eclipse.jetty.util.thread.QueuedThreadPool$Runner.run(QueuedThreadPool.java:1036)
	at java.lang.Thread.run(Thread.java:748)
Caused by: javax.servlet.ServletException: org.springframework.web.util.NestedServletException: Request processing failed; nested exception is java.lang.UnsupportedOperationException: Possible CSRF attack
	at org.eclipse.jetty.server.handler.HandlerCollection.handle(HandlerCollection.java:162)
	at org.eclipse.jetty.security.SecurityHandler.handle(SecurityHandler.java:567)
	at org.eclipse.jetty.server.handler.HandlerCollection.handle(HandlerCollection.java:146)
	... 17 more
Caused by: org.springframework.web.util.NestedServletException: Request processing failed; nested exception is java.lang.UnsupportedOperationException: Possible CSRF attack
	at org.springframework.web.servlet.FrameworkServlet.processRequest(FrameworkServlet.java:982)
	at org.springframework.web.servlet.FrameworkServlet.doGet(FrameworkServlet.java:861)
	at javax.servlet.http.HttpServlet.service(HttpServlet.java:687)
	at org.springframework.web.servlet.FrameworkServlet.service(FrameworkServlet.java:846)
	at javax.servlet.http.HttpServlet.service(HttpServlet.java:790)
	at org.eclipse.jetty.servlet.ServletHolder$NotAsync.service(ServletHolder.java:1452)
	at org.eclipse.jetty.servlet.ServletHolder.handle(ServletHolder.java:791)
	at org.eclipse.jetty.servlet.ServletHandler$ChainEnd.doFilter(ServletHandler.java:1626)
	at org.eclipse.jetty.websocket.server.WebSocketUpgradeFilter.doFilter(WebSocketUpgradeFilter.java:228)
	at org.eclipse.jetty.servlet.FilterHolder.doFilter(FilterHolder.java:193)
	at org.eclipse.jetty.servlet.ServletHandler$Chain.doFilter(ServletHandler.java:1601)
	at org.apache.activemq.web.AuditFilter.doFilter(AuditFilter.java:59)
	at org.eclipse.jetty.servlet.FilterHolder.doFilter(FilterHolder.java:193)
	at org.eclipse.jetty.servlet.ServletHandler$Chain.doFilter(ServletHandler.java:1601)
	at org.springframework.web.filter.RequestContextFilter.doFilterInternal(RequestContextFilter.java:99)
	at org.springframework.web.filter.OncePerRequestFilter.doFilter(OncePerRequestFilter.java:107)
	at org.eclipse.jetty.servlet.FilterHolder.doFilter(FilterHolder.java:193)
	at org.eclipse.jetty.servlet.ServletHandler$Chain.doFilter(ServletHandler.java:1601)
	at org.apache.activemq.web.filter.ApplicationContextFilter.doFilter(ApplicationContextFilter.java:102)
	at org.eclipse.jetty.servlet.FilterHolder.doFilter(FilterHolder.java:201)
	at org.eclipse.jetty.servlet.ServletHandler$Chain.doFilter(ServletHandler.java:1601)
	at org.eclipse.jetty.servlet.ServletHandler.doHandle(ServletHandler.java:548)
	at org.eclipse.jetty.server.handler.ScopedHandler.handle(ScopedHandler.java:143)
	at org.eclipse.jetty.security.SecurityHandler.handle(SecurityHandler.java:567)
	at org.eclipse.jetty.server.handler.HandlerWrapper.handle(HandlerWrapper.java:127)
	at org.eclipse.jetty.server.handler.ScopedHandler.nextHandle(ScopedHandler.java:235)
	at org.eclipse.jetty.server.session.SessionHandler.doHandle(SessionHandler.java:1624)
	at org.eclipse.jetty.server.handler.ScopedHandler.nextHandle(ScopedHandler.java:233)
	at org.eclipse.jetty.server.handler.ContextHandler.doHandle(ContextHandler.java:1435)
	at org.eclipse.jetty.server.handler.ScopedHandler.nextScope(ScopedHandler.java:188)
	at org.eclipse.jetty.servlet.ServletHandler.doScope(ServletHandler.java:501)
	at org.eclipse.jetty.server.session.SessionHandler.doScope(SessionHandler.java:1594)
	at org.eclipse.jetty.server.handler.ScopedHandler.nextScope(ScopedHandler.java:186)
	at org.eclipse.jetty.server.handler.ContextHandler.doScope(ContextHandler.java:1350)
	at org.eclipse.jetty.server.handler.ScopedHandler.handle(ScopedHandler.java:141)
	at org.eclipse.jetty.server.handler.HandlerCollection.handle(HandlerCollection.java:146)
	... 19 more
Caused by: java.lang.UnsupportedOperationException: Possible CSRF attack
	at org.apache.activemq.web.handler.BindingBeanNameUrlHandlerMapping.getHandlerInternal(BindingBeanNameUrlHandlerMapping.java:59)
	at org.springframework.web.servlet.handler.AbstractHandlerMapping.getHandler(AbstractHandlerMapping.java:353)
	at org.springframework.web.servlet.DispatcherServlet.getHandler(DispatcherServlet.java:1160)
	at org.springframework.web.servlet.DispatcherServlet.doDispatch(DispatcherServlet.java:940)
	at org.springframework.web.servlet.DispatcherServlet.doService(DispatcherServlet.java:901)
	at org.springframework.web.servlet.FrameworkServlet.processRequest(FrameworkServlet.java:970)
	... 54 more
2021-05-01 13:47:22,493 | WARN  | /admin/deleteDestination.action | org.eclipse.jetty.server.HttpChannel | qtp611289995-51
javax.servlet.ServletException: javax.servlet.ServletException: org.springframework.web.util.NestedServletException: Request processing failed; nested exception is java.lang.UnsupportedOperationException: Possible CSRF attack
	at org.eclipse.jetty.server.handler.HandlerCollection.handle(HandlerCollection.java:162)
	at org.eclipse.jetty.server.handler.HandlerWrapper.handle(HandlerWrapper.java:127)
	at org.eclipse.jetty.server.Server.handle(Server.java:516)
	at org.eclipse.jetty.server.HttpChannel.lambda$handle$1(HttpChannel.java:388)
	at org.eclipse.jetty.server.HttpChannel.dispatch(HttpChannel.java:633)
	at org.eclipse.jetty.server.HttpChannel.handle(HttpChannel.java:380)
	at org.eclipse.jetty.server.HttpConnection.onFillable(HttpConnection.java:279)
	at org.eclipse.jetty.io.AbstractConnection$ReadCallback.succeeded(AbstractConnection.java:311)
	at org.eclipse.jetty.io.FillInterest.fillable(FillInterest.java:105)
	at org.eclipse.jetty.io.ChannelEndPoint$1.run(ChannelEndPoint.java:104)
	at org.eclipse.jetty.util.thread.strategy.EatWhatYouKill.runTask(EatWhatYouKill.java:336)
	at org.eclipse.jetty.util.thread.strategy.EatWhatYouKill.doProduce(EatWhatYouKill.java:313)
	at org.eclipse.jetty.util.thread.strategy.EatWhatYouKill.tryProduce(EatWhatYouKill.java:171)
	at org.eclipse.jetty.util.thread.strategy.EatWhatYouKill.run(EatWhatYouKill.java:129)
	at org.eclipse.jetty.util.thread.ReservedThreadExecutor$ReservedThread.run(ReservedThreadExecutor.java:383)
	at org.eclipse.jetty.util.thread.QueuedThreadPool.runJob(QueuedThreadPool.java:882)
	at org.eclipse.jetty.util.thread.QueuedThreadPool$Runner.run(QueuedThreadPool.java:1036)
	at java.lang.Thread.run(Thread.java:748)
Caused by: javax.servlet.ServletException: org.springframework.web.util.NestedServletException: Request processing failed; nested exception is java.lang.UnsupportedOperationException: Possible CSRF attack
	at org.eclipse.jetty.server.handler.HandlerCollection.handle(HandlerCollection.java:162)
	at org.eclipse.jetty.security.SecurityHandler.handle(SecurityHandler.java:567)
	at org.eclipse.jetty.server.handler.HandlerCollection.handle(HandlerCollection.java:146)
	... 17 more
Caused by: org.springframework.web.util.NestedServletException: Request processing failed; nested exception is java.lang.UnsupportedOperationException: Possible CSRF attack
	at org.springframework.web.servlet.FrameworkServlet.processRequest(FrameworkServlet.java:982)
	at org.springframework.web.servlet.FrameworkServlet.doGet(FrameworkServlet.java:861)
	at javax.servlet.http.HttpServlet.service(HttpServlet.java:687)
	at org.springframework.web.servlet.FrameworkServlet.service(FrameworkServlet.java:846)
	at javax.servlet.http.HttpServlet.service(HttpServlet.java:790)
	at org.eclipse.jetty.servlet.ServletHolder$NotAsync.service(ServletHolder.java:1452)
	at org.eclipse.jetty.servlet.ServletHolder.handle(ServletHolder.java:791)
	at org.eclipse.jetty.servlet.ServletHandler$ChainEnd.doFilter(ServletHandler.java:1626)
	at org.eclipse.jetty.websocket.server.WebSocketUpgradeFilter.doFilter(WebSocketUpgradeFilter.java:228)
	at org.eclipse.jetty.servlet.FilterHolder.doFilter(FilterHolder.java:193)
	at org.eclipse.jetty.servlet.ServletHandler$Chain.doFilter(ServletHandler.java:1601)
	at org.apache.activemq.web.AuditFilter.doFilter(AuditFilter.java:59)
	at org.eclipse.jetty.servlet.FilterHolder.doFilter(FilterHolder.java:193)
	at org.eclipse.jetty.servlet.ServletHandler$Chain.doFilter(ServletHandler.java:1601)
	at org.springframework.web.filter.RequestContextFilter.doFilterInternal(RequestContextFilter.java:99)
	at org.springframework.web.filter.OncePerRequestFilter.doFilter(OncePerRequestFilter.java:107)
	at org.eclipse.jetty.servlet.FilterHolder.doFilter(FilterHolder.java:193)
	at org.eclipse.jetty.servlet.ServletHandler$Chain.doFilter(ServletHandler.java:1601)
	at org.apache.activemq.web.filter.ApplicationContextFilter.doFilter(ApplicationContextFilter.java:102)
	at org.eclipse.jetty.servlet.FilterHolder.doFilter(FilterHolder.java:201)
	at org.eclipse.jetty.servlet.ServletHandler$Chain.doFilter(ServletHandler.java:1601)
	at org.eclipse.jetty.servlet.ServletHandler.doHandle(ServletHandler.java:548)
	at org.eclipse.jetty.server.handler.ScopedHandler.handle(ScopedHandler.java:143)
	at org.eclipse.jetty.security.SecurityHandler.handle(SecurityHandler.java:567)
	at org.eclipse.jetty.server.handler.HandlerWrapper.handle(HandlerWrapper.java:127)
	at org.eclipse.jetty.server.handler.ScopedHandler.nextHandle(ScopedHandler.java:235)
	at org.eclipse.jetty.server.session.SessionHandler.doHandle(SessionHandler.java:1624)
	at org.eclipse.jetty.server.handler.ScopedHandler.nextHandle(ScopedHandler.java:233)
	at org.eclipse.jetty.server.handler.ContextHandler.doHandle(ContextHandler.java:1435)
	at org.eclipse.jetty.server.handler.ScopedHandler.nextScope(ScopedHandler.java:188)
	at org.eclipse.jetty.servlet.ServletHandler.doScope(ServletHandler.java:501)
	at org.eclipse.jetty.server.session.SessionHandler.doScope(SessionHandler.java:1594)
	at org.eclipse.jetty.server.handler.ScopedHandler.nextScope(ScopedHandler.java:186)
	at org.eclipse.jetty.server.handler.ContextHandler.doScope(ContextHandler.java:1350)
	at org.eclipse.jetty.server.handler.ScopedHandler.handle(ScopedHandler.java:141)
	at org.eclipse.jetty.server.handler.HandlerCollection.handle(HandlerCollection.java:146)
	... 19 more
Caused by: java.lang.UnsupportedOperationException: Possible CSRF attack
	at org.apache.activemq.web.handler.BindingBeanNameUrlHandlerMapping.getHandlerInternal(BindingBeanNameUrlHandlerMapping.java:59)
	at org.springframework.web.servlet.handler.AbstractHandlerMapping.getHandler(AbstractHandlerMapping.java:353)
	at org.springframework.web.servlet.DispatcherServlet.getHandler(DispatcherServlet.java:1160)
	at org.springframework.web.servlet.DispatcherServlet.doDispatch(DispatcherServlet.java:940)
	at org.springframework.web.servlet.DispatcherServlet.doService(DispatcherServlet.java:901)
	at org.springframework.web.servlet.FrameworkServlet.processRequest(FrameworkServlet.java:970)
	... 54 more
2021-05-01 14:08:23,405 | INFO  | Apache ActiveMQ 5.16.2 (localhost, ID:Mahesh-64979-1619855233522-0:1) is shutting down | org.apache.activemq.broker.BrokerService | Thread-22
2021-05-01 14:08:23,405 | INFO  | Connector openwire stopped | org.apache.activemq.broker.TransportConnector | Thread-22
2021-05-01 14:08:23,405 | INFO  | Connector amqp stopped | org.apache.activemq.broker.TransportConnector | Thread-22
2021-05-01 14:08:23,405 | INFO  | Connector stomp stopped | org.apache.activemq.broker.TransportConnector | Thread-22
2021-05-01 14:08:23,420 | INFO  | Connector mqtt stopped | org.apache.activemq.broker.TransportConnector | Thread-22
2021-05-01 14:08:23,420 | INFO  | Connector ws stopped | org.apache.activemq.broker.TransportConnector | Thread-22
2021-05-01 14:08:23,420 | INFO  | Connector vm://localhost stopped | org.apache.activemq.broker.TransportConnector | Thread-22
2021-05-01 14:08:23,420 | INFO  | PListStore:[C:\Mahesh\code\hsbc_case_study\hsbc_case_study\apache-activemq-5.16.2\bin\..\data\localhost\tmp_storage] stopped | org.apache.activemq.store.kahadb.plist.PListStoreImpl | Thread-22
2021-05-01 14:08:23,420 | INFO  | Stopping async queue tasks | org.apache.activemq.store.kahadb.KahaDBStore | Thread-22
2021-05-01 14:08:23,420 | INFO  | Stopping async topic tasks | org.apache.activemq.store.kahadb.KahaDBStore | Thread-22
2021-05-01 14:08:23,436 | INFO  | Stopped KahaDB | org.apache.activemq.store.kahadb.KahaDBStore | Thread-22
2021-05-01 14:08:23,577 | INFO  | Apache ActiveMQ 5.16.2 (localhost, ID:Mahesh-64979-1619855233522-0:1) uptime 51 minutes | org.apache.activemq.broker.BrokerService | Thread-22
2021-05-01 14:08:23,577 | INFO  | Apache ActiveMQ 5.16.2 (localhost, ID:Mahesh-64979-1619855233522-0:1) is shutdown | org.apache.activemq.broker.BrokerService | Thread-22
2021-05-01 14:08:23,577 | INFO  | Closing org.apache.activemq.xbean.XBeanBrokerFactory$1@71423665: startup date [Sat May 01 13:17:12 IST 2021]; root of context hierarchy | org.apache.activemq.xbean.XBeanBrokerFactory$1 | Thread-22
2021-05-01 14:45:11,508 | INFO  | Refreshing org.apache.activemq.xbean.XBeanBrokerFactory$1@71423665: startup date [Sat May 01 14:45:11 IST 2021]; root of context hierarchy | org.apache.activemq.xbean.XBeanBrokerFactory$1 | main
2021-05-01 14:45:12,601 | INFO  | Using Persistence Adapter: KahaDBPersistenceAdapter[C:\Mahesh\code\hsbc_case_study\hsbc_case_study\apache-activemq-5.16.2\bin\..\data\kahadb] | org.apache.activemq.broker.BrokerService | main
2021-05-01 14:45:12,757 | INFO  | KahaDB is version 7 | org.apache.activemq.store.kahadb.MessageDatabase | main
2021-05-01 14:45:12,851 | INFO  | PListStore:[C:\Mahesh\code\hsbc_case_study\hsbc_case_study\apache-activemq-5.16.2\bin\..\data\localhost\tmp_storage] started | org.apache.activemq.store.kahadb.plist.PListStoreImpl | main
2021-05-01 14:45:13,007 | INFO  | Apache ActiveMQ 5.16.2 (localhost, ID:Mahesh-49611-1619860512882-0:1) is starting | org.apache.activemq.broker.BrokerService | main
2021-05-01 14:45:13,085 | INFO  | Listening for connections at: tcp://Mahesh:61616?maximumConnections=1000&wireFormat.maxFrameSize=104857600 | org.apache.activemq.transport.TransportServerThreadSupport | main
2021-05-01 14:45:13,101 | INFO  | Connector openwire started | org.apache.activemq.broker.TransportConnector | main
2021-05-01 14:45:13,101 | INFO  | Listening for connections at: amqp://Mahesh:5672?maximumConnections=1000&wireFormat.maxFrameSize=104857600 | org.apache.activemq.transport.TransportServerThreadSupport | main
2021-05-01 14:45:13,101 | INFO  | Connector amqp started | org.apache.activemq.broker.TransportConnector | main
2021-05-01 14:45:13,101 | INFO  | Listening for connections at: stomp://Mahesh:61613?maximumConnections=1000&wireFormat.maxFrameSize=104857600 | org.apache.activemq.transport.TransportServerThreadSupport | main
2021-05-01 14:45:13,116 | INFO  | Connector stomp started | org.apache.activemq.broker.TransportConnector | main
2021-05-01 14:45:13,116 | INFO  | Listening for connections at: mqtt://Mahesh:1883?maximumConnections=1000&wireFormat.maxFrameSize=104857600 | org.apache.activemq.transport.TransportServerThreadSupport | main
2021-05-01 14:45:13,116 | INFO  | Connector mqtt started | org.apache.activemq.broker.TransportConnector | main
2021-05-01 14:45:13,132 | INFO  | Starting Jetty server | org.apache.activemq.transport.WebTransportServerSupport | main
2021-05-01 14:45:13,226 | INFO  | Creating Jetty connector | org.apache.activemq.transport.WebTransportServerSupport | main
2021-05-01 14:45:13,366 | WARN  | ServletContext@o.e.j.s.ServletContextHandler@3212a8d7{/,null,STARTING} has uncovered http methods for path: / | org.eclipse.jetty.security.SecurityHandler | main
2021-05-01 14:45:13,445 | INFO  | Listening for connections at ws://Mahesh:61614?maximumConnections=1000&wireFormat.maxFrameSize=104857600 | org.apache.activemq.transport.ws.WSTransportServer | main
2021-05-01 14:45:13,445 | INFO  | Connector ws started | org.apache.activemq.broker.TransportConnector | main
2021-05-01 14:45:13,445 | INFO  | Apache ActiveMQ 5.16.2 (localhost, ID:Mahesh-49611-1619860512882-0:1) started | org.apache.activemq.broker.BrokerService | main
2021-05-01 14:45:13,445 | INFO  | For help or more information please see: http://activemq.apache.org | org.apache.activemq.broker.BrokerService | main
2021-05-01 14:45:14,455 | INFO  | ActiveMQ WebConsole available at http://127.0.0.1:8161/ | org.apache.activemq.web.WebConsoleStarter | main
2021-05-01 14:45:14,455 | INFO  | ActiveMQ Jolokia REST API available at http://127.0.0.1:8161/api/jolokia/ | org.apache.activemq.web.WebConsoleStarter | main
2021-05-01 16:46:37,968 | INFO  | Connector vm://localhost started | org.apache.activemq.broker.TransportConnector | qtp295180183-35
2021-05-01 17:41:14,417 | INFO  | Connector vm://localhost stopped | org.apache.activemq.broker.TransportConnector | Session-HouseKeeper-3670f00-1
2021-05-01 18:26:58,575 | INFO  | Apache ActiveMQ 5.16.2 (localhost, ID:Mahesh-49611-1619860512882-0:1) is shutting down | org.apache.activemq.broker.BrokerService | ActiveMQ ShutdownHook
2021-05-01 18:26:58,591 | INFO  | Connector openwire stopped | org.apache.activemq.broker.TransportConnector | ActiveMQ ShutdownHook
2021-05-01 18:26:58,591 | INFO  | Connector amqp stopped | org.apache.activemq.broker.TransportConnector | ActiveMQ ShutdownHook
2021-05-01 18:26:58,591 | INFO  | Connector stomp stopped | org.apache.activemq.broker.TransportConnector | ActiveMQ ShutdownHook
2021-05-01 18:26:58,591 | INFO  | Connector mqtt stopped | org.apache.activemq.broker.TransportConnector | ActiveMQ ShutdownHook
2021-05-01 18:26:58,591 | INFO  | Connector ws stopped | org.apache.activemq.broker.TransportConnector | ActiveMQ ShutdownHook
2021-05-01 18:26:58,606 | INFO  | PListStore:[C:\Mahesh\code\hsbc_case_study\hsbc_case_study\apache-activemq-5.16.2\bin\..\data\localhost\tmp_storage] stopped | org.apache.activemq.store.kahadb.plist.PListStoreImpl | ActiveMQ ShutdownHook
2021-05-01 18:26:58,606 | INFO  | Stopping async queue tasks | org.apache.activemq.store.kahadb.KahaDBStore | ActiveMQ ShutdownHook
2021-05-01 18:26:58,606 | INFO  | Stopping async topic tasks | org.apache.activemq.store.kahadb.KahaDBStore | ActiveMQ ShutdownHook
2021-05-01 18:26:58,606 | INFO  | Stopped KahaDB | org.apache.activemq.store.kahadb.KahaDBStore | ActiveMQ ShutdownHook
2021-05-01 18:26:58,747 | INFO  | Apache ActiveMQ 5.16.2 (localhost, ID:Mahesh-49611-1619860512882-0:1) uptime 3 hours 41 minutes | org.apache.activemq.broker.BrokerService | ActiveMQ ShutdownHook
2021-05-01 18:26:58,747 | INFO  | Apache ActiveMQ 5.16.2 (localhost, ID:Mahesh-49611-1619860512882-0:1) is shutdown | org.apache.activemq.broker.BrokerService | ActiveMQ ShutdownHook
2021-05-01 18:26:58,747 | INFO  | Closing org.apache.activemq.xbean.XBeanBrokerFactory$1@71423665: startup date [Sat May 01 14:45:11 IST 2021]; root of context hierarchy | org.apache.activemq.xbean.XBeanBrokerFactory$1 | ActiveMQ ShutdownHook
2021-05-01 18:27:02,849 | INFO  | Refreshing org.apache.activemq.xbean.XBeanBrokerFactory$1@71423665: startup date [Sat May 01 18:27:02 IST 2021]; root of context hierarchy | org.apache.activemq.xbean.XBeanBrokerFactory$1 | main
2021-05-01 18:27:03,978 | INFO  | Using Persistence Adapter: KahaDBPersistenceAdapter[C:\Mahesh\code\hsbc_case_study\hsbc_case_study\apache-activemq-5.16.2\bin\..\data\kahadb] | org.apache.activemq.broker.BrokerService | main
2021-05-01 18:27:04,150 | INFO  | KahaDB is version 7 | org.apache.activemq.store.kahadb.MessageDatabase | main
2021-05-01 18:27:04,244 | INFO  | PListStore:[C:\Mahesh\code\hsbc_case_study\hsbc_case_study\apache-activemq-5.16.2\bin\..\data\localhost\tmp_storage] started | org.apache.activemq.store.kahadb.plist.PListStoreImpl | main
2021-05-01 18:27:04,384 | INFO  | Apache ActiveMQ 5.16.2 (localhost, ID:Mahesh-51619-1619873824259-0:1) is starting | org.apache.activemq.broker.BrokerService | main
2021-05-01 18:27:04,494 | INFO  | Listening for connections at: tcp://Mahesh:61616?maximumConnections=1000&wireFormat.maxFrameSize=104857600 | org.apache.activemq.transport.TransportServerThreadSupport | main
2021-05-01 18:27:04,494 | INFO  | Connector openwire started | org.apache.activemq.broker.TransportConnector | main
2021-05-01 18:27:04,494 | INFO  | Listening for connections at: amqp://Mahesh:5672?maximumConnections=1000&wireFormat.maxFrameSize=104857600 | org.apache.activemq.transport.TransportServerThreadSupport | main
2021-05-01 18:27:04,494 | INFO  | Connector amqp started | org.apache.activemq.broker.TransportConnector | main
2021-05-01 18:27:04,509 | INFO  | Listening for connections at: stomp://Mahesh:61613?maximumConnections=1000&wireFormat.maxFrameSize=104857600 | org.apache.activemq.transport.TransportServerThreadSupport | main
2021-05-01 18:27:04,509 | INFO  | Connector stomp started | org.apache.activemq.broker.TransportConnector | main
2021-05-01 18:27:04,509 | INFO  | Listening for connections at: mqtt://Mahesh:1883?maximumConnections=1000&wireFormat.maxFrameSize=104857600 | org.apache.activemq.transport.TransportServerThreadSupport | main
2021-05-01 18:27:04,509 | INFO  | Connector mqtt started | org.apache.activemq.broker.TransportConnector | main
2021-05-01 18:27:04,525 | INFO  | Starting Jetty server | org.apache.activemq.transport.WebTransportServerSupport | main
2021-05-01 18:27:04,603 | INFO  | Creating Jetty connector | org.apache.activemq.transport.WebTransportServerSupport | main
2021-05-01 18:27:04,728 | WARN  | ServletContext@o.e.j.s.ServletContextHandler@5d5f10b2{/,null,STARTING} has uncovered http methods for path: / | org.eclipse.jetty.security.SecurityHandler | main
2021-05-01 18:27:04,791 | INFO  | Listening for connections at ws://Mahesh:61614?maximumConnections=1000&wireFormat.maxFrameSize=104857600 | org.apache.activemq.transport.ws.WSTransportServer | main
2021-05-01 18:27:04,806 | INFO  | Connector ws started | org.apache.activemq.broker.TransportConnector | main
2021-05-01 18:27:04,806 | INFO  | Apache ActiveMQ 5.16.2 (localhost, ID:Mahesh-51619-1619873824259-0:1) started | org.apache.activemq.broker.BrokerService | main
2021-05-01 18:27:04,806 | INFO  | For help or more information please see: http://activemq.apache.org | org.apache.activemq.broker.BrokerService | main
2021-05-01 18:27:05,798 | INFO  | ActiveMQ WebConsole available at http://127.0.0.1:8161/ | org.apache.activemq.web.WebConsoleStarter | main
2021-05-01 18:27:05,798 | INFO  | ActiveMQ Jolokia REST API available at http://127.0.0.1:8161/api/jolokia/ | org.apache.activemq.web.WebConsoleStarter | main
2021-05-01 18:40:23,375 | WARN  | /admin/createDestination.action | org.eclipse.jetty.server.HttpChannel | qtp396918327-41
javax.servlet.ServletException: javax.servlet.ServletException: org.springframework.web.util.NestedServletException: Request processing failed; nested exception is java.lang.UnsupportedOperationException: Possible CSRF attack
	at org.eclipse.jetty.server.handler.HandlerCollection.handle(HandlerCollection.java:162)
	at org.eclipse.jetty.server.handler.HandlerWrapper.handle(HandlerWrapper.java:127)
	at org.eclipse.jetty.server.Server.handle(Server.java:516)
	at org.eclipse.jetty.server.HttpChannel.lambda$handle$1(HttpChannel.java:388)
	at org.eclipse.jetty.server.HttpChannel.dispatch(HttpChannel.java:633)
	at org.eclipse.jetty.server.HttpChannel.handle(HttpChannel.java:380)
	at org.eclipse.jetty.server.HttpConnection.onFillable(HttpConnection.java:279)
	at org.eclipse.jetty.io.AbstractConnection$ReadCallback.succeeded(AbstractConnection.java:311)
	at org.eclipse.jetty.io.FillInterest.fillable(FillInterest.java:105)
	at org.eclipse.jetty.io.ChannelEndPoint$1.run(ChannelEndPoint.java:104)
	at org.eclipse.jetty.util.thread.QueuedThreadPool.runJob(QueuedThreadPool.java:882)
	at org.eclipse.jetty.util.thread.QueuedThreadPool$Runner.run(QueuedThreadPool.java:1036)
	at java.lang.Thread.run(Thread.java:748)
Caused by: javax.servlet.ServletException: org.springframework.web.util.NestedServletException: Request processing failed; nested exception is java.lang.UnsupportedOperationException: Possible CSRF attack
	at org.eclipse.jetty.server.handler.HandlerCollection.handle(HandlerCollection.java:162)
	at org.eclipse.jetty.security.SecurityHandler.handle(SecurityHandler.java:567)
	at org.eclipse.jetty.server.handler.HandlerCollection.handle(HandlerCollection.java:146)
	... 12 more
Caused by: org.springframework.web.util.NestedServletException: Request processing failed; nested exception is java.lang.UnsupportedOperationException: Possible CSRF attack
	at org.springframework.web.servlet.FrameworkServlet.processRequest(FrameworkServlet.java:982)
	at org.springframework.web.servlet.FrameworkServlet.doPost(FrameworkServlet.java:872)
	at javax.servlet.http.HttpServlet.service(HttpServlet.java:707)
	at org.springframework.web.servlet.FrameworkServlet.service(FrameworkServlet.java:846)
	at javax.servlet.http.HttpServlet.service(HttpServlet.java:790)
	at org.eclipse.jetty.servlet.ServletHolder$NotAsync.service(ServletHolder.java:1452)
	at org.eclipse.jetty.servlet.ServletHolder.handle(ServletHolder.java:791)
	at org.eclipse.jetty.servlet.ServletHandler$ChainEnd.doFilter(ServletHandler.java:1626)
	at org.eclipse.jetty.websocket.server.WebSocketUpgradeFilter.doFilter(WebSocketUpgradeFilter.java:228)
	at org.eclipse.jetty.servlet.FilterHolder.doFilter(FilterHolder.java:193)
	at org.eclipse.jetty.servlet.ServletHandler$Chain.doFilter(ServletHandler.java:1601)
	at org.apache.activemq.web.AuditFilter.doFilter(AuditFilter.java:59)
	at org.eclipse.jetty.servlet.FilterHolder.doFilter(FilterHolder.java:193)
	at org.eclipse.jetty.servlet.ServletHandler$Chain.doFilter(ServletHandler.java:1601)
	at org.springframework.web.filter.RequestContextFilter.doFilterInternal(RequestContextFilter.java:99)
	at org.springframework.web.filter.OncePerRequestFilter.doFilter(OncePerRequestFilter.java:107)
	at org.eclipse.jetty.servlet.FilterHolder.doFilter(FilterHolder.java:193)
	at org.eclipse.jetty.servlet.ServletHandler$Chain.doFilter(ServletHandler.java:1601)
	at org.apache.activemq.web.filter.ApplicationContextFilter.doFilter(ApplicationContextFilter.java:102)
	at org.eclipse.jetty.servlet.FilterHolder.doFilter(FilterHolder.java:201)
	at org.eclipse.jetty.servlet.ServletHandler$Chain.doFilter(ServletHandler.java:1601)
	at org.eclipse.jetty.servlet.ServletHandler.doHandle(ServletHandler.java:548)
	at org.eclipse.jetty.server.handler.ScopedHandler.handle(ScopedHandler.java:143)
	at org.eclipse.jetty.security.SecurityHandler.handle(SecurityHandler.java:567)
	at org.eclipse.jetty.server.handler.HandlerWrapper.handle(HandlerWrapper.java:127)
	at org.eclipse.jetty.server.handler.ScopedHandler.nextHandle(ScopedHandler.java:235)
	at org.eclipse.jetty.server.session.SessionHandler.doHandle(SessionHandler.java:1624)
	at org.eclipse.jetty.server.handler.ScopedHandler.nextHandle(ScopedHandler.java:233)
	at org.eclipse.jetty.server.handler.ContextHandler.doHandle(ContextHandler.java:1435)
	at org.eclipse.jetty.server.handler.ScopedHandler.nextScope(ScopedHandler.java:188)
	at org.eclipse.jetty.servlet.ServletHandler.doScope(ServletHandler.java:501)
	at org.eclipse.jetty.server.session.SessionHandler.doScope(SessionHandler.java:1594)
	at org.eclipse.jetty.server.handler.ScopedHandler.nextScope(ScopedHandler.java:186)
	at org.eclipse.jetty.server.handler.ContextHandler.doScope(ContextHandler.java:1350)
	at org.eclipse.jetty.server.handler.ScopedHandler.handle(ScopedHandler.java:141)
	at org.eclipse.jetty.server.handler.HandlerCollection.handle(HandlerCollection.java:146)
	... 14 more
Caused by: java.lang.UnsupportedOperationException: Possible CSRF attack
	at org.apache.activemq.web.handler.BindingBeanNameUrlHandlerMapping.getHandlerInternal(BindingBeanNameUrlHandlerMapping.java:59)
	at org.springframework.web.servlet.handler.AbstractHandlerMapping.getHandler(AbstractHandlerMapping.java:353)
	at org.springframework.web.servlet.DispatcherServlet.getHandler(DispatcherServlet.java:1160)
	at org.springframework.web.servlet.DispatcherServlet.doDispatch(DispatcherServlet.java:940)
	at org.springframework.web.servlet.DispatcherServlet.doService(DispatcherServlet.java:901)
	at org.springframework.web.servlet.FrameworkServlet.processRequest(FrameworkServlet.java:970)
	... 49 more
2021-05-01 19:38:28,453 | INFO  | Apache ActiveMQ 5.16.2 (localhost, ID:Mahesh-51619-1619873824259-0:1) is shutting down | org.apache.activemq.broker.BrokerService | ActiveMQ ShutdownHook
2021-05-01 19:38:28,472 | INFO  | Connector openwire stopped | org.apache.activemq.broker.TransportConnector | ActiveMQ ShutdownHook
2021-05-01 19:38:28,474 | INFO  | Connector amqp stopped | org.apache.activemq.broker.TransportConnector | ActiveMQ ShutdownHook
2021-05-01 19:38:28,475 | INFO  | Connector stomp stopped | org.apache.activemq.broker.TransportConnector | ActiveMQ ShutdownHook
2021-05-01 19:38:28,476 | INFO  | Connector mqtt stopped | org.apache.activemq.broker.TransportConnector | ActiveMQ ShutdownHook
2021-05-01 19:38:28,483 | INFO  | Connector ws stopped | org.apache.activemq.broker.TransportConnector | ActiveMQ ShutdownHook
2021-05-01 19:38:28,489 | INFO  | PListStore:[C:\Mahesh\code\hsbc_case_study\hsbc_case_study\apache-activemq-5.16.2\bin\..\data\localhost\tmp_storage] stopped | org.apache.activemq.store.kahadb.plist.PListStoreImpl | ActiveMQ ShutdownHook
2021-05-01 19:38:28,490 | INFO  | Stopping async queue tasks | org.apache.activemq.store.kahadb.KahaDBStore | ActiveMQ ShutdownHook
2021-05-01 19:38:28,490 | INFO  | Stopping async topic tasks | org.apache.activemq.store.kahadb.KahaDBStore | ActiveMQ ShutdownHook
2021-05-01 19:38:28,491 | INFO  | Stopped KahaDB | org.apache.activemq.store.kahadb.KahaDBStore | ActiveMQ ShutdownHook
2021-05-01 19:38:28,687 | INFO  | Apache ActiveMQ 5.16.2 (localhost, ID:Mahesh-51619-1619873824259-0:1) uptime 1 hour 11 minutes | org.apache.activemq.broker.BrokerService | ActiveMQ ShutdownHook
2021-05-01 19:38:28,688 | INFO  | Apache ActiveMQ 5.16.2 (localhost, ID:Mahesh-51619-1619873824259-0:1) is shutdown | org.apache.activemq.broker.BrokerService | ActiveMQ ShutdownHook
2021-05-01 19:38:28,690 | INFO  | Closing org.apache.activemq.xbean.XBeanBrokerFactory$1@71423665: startup date [Sat May 01 18:27:02 IST 2021]; root of context hierarchy | org.apache.activemq.xbean.XBeanBrokerFactory$1 | ActiveMQ ShutdownHook
2021-05-01 19:39:09,390 | INFO  | Refreshing org.apache.activemq.xbean.XBeanBrokerFactory$1@71423665: startup date [Sat May 01 19:39:09 IST 2021]; root of context hierarchy | org.apache.activemq.xbean.XBeanBrokerFactory$1 | main
2021-05-01 19:39:10,473 | INFO  | Using Persistence Adapter: KahaDBPersistenceAdapter[C:\Mahesh\code\hsbc_case_study\hsbc_case_study\apache-activemq-5.16.2\bin\..\data\kahadb] | org.apache.activemq.broker.BrokerService | main
2021-05-01 19:39:10,718 | INFO  | KahaDB is version 7 | org.apache.activemq.store.kahadb.MessageDatabase | main
2021-05-01 19:39:10,812 | INFO  | PListStore:[C:\Mahesh\code\hsbc_case_study\hsbc_case_study\apache-activemq-5.16.2\bin\..\data\localhost\tmp_storage] started | org.apache.activemq.store.kahadb.plist.PListStoreImpl | main
2021-05-01 19:39:10,951 | INFO  | Apache ActiveMQ 5.16.2 (localhost, ID:Mahesh-52364-1619878150826-0:1) is starting | org.apache.activemq.broker.BrokerService | main
2021-05-01 19:39:11,066 | INFO  | Listening for connections at: tcp://Mahesh:61616?maximumConnections=1000&wireFormat.maxFrameSize=104857600 | org.apache.activemq.transport.TransportServerThreadSupport | main
2021-05-01 19:39:11,069 | INFO  | Connector openwire started | org.apache.activemq.broker.TransportConnector | main
2021-05-01 19:39:11,074 | INFO  | Listening for connections at: amqp://Mahesh:5672?maximumConnections=1000&wireFormat.maxFrameSize=104857600 | org.apache.activemq.transport.TransportServerThreadSupport | main
2021-05-01 19:39:11,077 | INFO  | Connector amqp started | org.apache.activemq.broker.TransportConnector | main
2021-05-01 19:39:11,082 | INFO  | Listening for connections at: stomp://Mahesh:61613?maximumConnections=1000&wireFormat.maxFrameSize=104857600 | org.apache.activemq.transport.TransportServerThreadSupport | main
2021-05-01 19:39:11,086 | INFO  | Connector stomp started | org.apache.activemq.broker.TransportConnector | main
2021-05-01 19:39:11,092 | INFO  | Listening for connections at: mqtt://Mahesh:1883?maximumConnections=1000&wireFormat.maxFrameSize=104857600 | org.apache.activemq.transport.TransportServerThreadSupport | main
2021-05-01 19:39:11,094 | INFO  | Connector mqtt started | org.apache.activemq.broker.TransportConnector | main
2021-05-01 19:39:11,101 | INFO  | Starting Jetty server | org.apache.activemq.transport.WebTransportServerSupport | main
2021-05-01 19:39:11,180 | INFO  | Creating Jetty connector | org.apache.activemq.transport.WebTransportServerSupport | main
2021-05-01 19:39:11,330 | WARN  | ServletContext@o.e.j.s.ServletContextHandler@7642df8f{/,null,STARTING} has uncovered http methods for path: / | org.eclipse.jetty.security.SecurityHandler | main
2021-05-01 19:39:11,401 | INFO  | Listening for connections at ws://Mahesh:61614?maximumConnections=1000&wireFormat.maxFrameSize=104857600 | org.apache.activemq.transport.ws.WSTransportServer | main
2021-05-01 19:39:11,404 | INFO  | Connector ws started | org.apache.activemq.broker.TransportConnector | main
2021-05-01 19:39:11,406 | INFO  | Apache ActiveMQ 5.16.2 (localhost, ID:Mahesh-52364-1619878150826-0:1) started | org.apache.activemq.broker.BrokerService | main
2021-05-01 19:39:11,409 | INFO  | For help or more information please see: http://activemq.apache.org | org.apache.activemq.broker.BrokerService | main
2021-05-01 19:39:12,404 | INFO  | ActiveMQ WebConsole available at http://127.0.0.1:8161/ | org.apache.activemq.web.WebConsoleStarter | main
2021-05-01 19:39:12,406 | INFO  | ActiveMQ Jolokia REST API available at http://127.0.0.1:8161/api/jolokia/ | org.apache.activemq.web.WebConsoleStarter | main
2021-05-01 19:39:18,301 | INFO  | Apache ActiveMQ 5.16.2 (localhost, ID:Mahesh-52364-1619878150826-0:1) is shutting down | org.apache.activemq.broker.BrokerService | Thread-26
2021-05-01 19:39:18,303 | INFO  | Connector openwire stopped | org.apache.activemq.broker.TransportConnector | Thread-26
2021-05-01 19:39:18,305 | INFO  | Connector amqp stopped | org.apache.activemq.broker.TransportConnector | Thread-26
2021-05-01 19:39:18,307 | INFO  | Connector stomp stopped | org.apache.activemq.broker.TransportConnector | Thread-26
2021-05-01 19:39:18,308 | INFO  | Connector mqtt stopped | org.apache.activemq.broker.TransportConnector | Thread-26
2021-05-01 19:39:18,316 | INFO  | Connector ws stopped | org.apache.activemq.broker.TransportConnector | Thread-26
2021-05-01 19:39:18,321 | INFO  | PListStore:[C:\Mahesh\code\hsbc_case_study\hsbc_case_study\apache-activemq-5.16.2\bin\..\data\localhost\tmp_storage] stopped | org.apache.activemq.store.kahadb.plist.PListStoreImpl | Thread-26
2021-05-01 19:39:18,326 | INFO  | Stopping async queue tasks | org.apache.activemq.store.kahadb.KahaDBStore | Thread-26
2021-05-01 19:39:18,327 | INFO  | Stopping async topic tasks | org.apache.activemq.store.kahadb.KahaDBStore | Thread-26
2021-05-01 19:39:18,329 | INFO  | Stopped KahaDB | org.apache.activemq.store.kahadb.KahaDBStore | Thread-26
2021-05-01 19:39:19,441 | INFO  | Apache ActiveMQ 5.16.2 (localhost, ID:Mahesh-52364-1619878150826-0:1) uptime 8.988 seconds | org.apache.activemq.broker.BrokerService | Thread-26
2021-05-01 19:39:19,443 | INFO  | Apache ActiveMQ 5.16.2 (localhost, ID:Mahesh-52364-1619878150826-0:1) is shutdown | org.apache.activemq.broker.BrokerService | Thread-26
2021-05-01 19:39:19,444 | INFO  | Closing org.apache.activemq.xbean.XBeanBrokerFactory$1@71423665: startup date [Sat May 01 19:39:09 IST 2021]; root of context hierarchy | org.apache.activemq.xbean.XBeanBrokerFactory$1 | Thread-26
2021-05-01 22:55:43,448 | INFO  | Refreshing org.apache.activemq.xbean.XBeanBrokerFactory$1@71423665: startup date [Sat May 01 22:55:43 IST 2021]; root of context hierarchy | org.apache.activemq.xbean.XBeanBrokerFactory$1 | main
2021-05-01 22:55:44,543 | INFO  | Using Persistence Adapter: KahaDBPersistenceAdapter[C:\Mahesh\code\hsbc_case_study\hsbc_case_study\apache-activemq-5.16.2\bin\..\data\kahadb] | org.apache.activemq.broker.BrokerService | main
2021-05-01 22:55:44,781 | INFO  | KahaDB is version 7 | org.apache.activemq.store.kahadb.MessageDatabase | main
2021-05-01 22:55:44,904 | INFO  | PListStore:[C:\Mahesh\code\hsbc_case_study\hsbc_case_study\apache-activemq-5.16.2\bin\..\data\localhost\tmp_storage] started | org.apache.activemq.store.kahadb.plist.PListStoreImpl | main
2021-05-01 22:55:45,043 | INFO  | Apache ActiveMQ 5.16.2 (localhost, ID:Mahesh-53511-1619889944917-0:1) is starting | org.apache.activemq.broker.BrokerService | main
2021-05-01 22:55:45,166 | INFO  | Listening for connections at: tcp://Mahesh:61616?maximumConnections=1000&wireFormat.maxFrameSize=104857600 | org.apache.activemq.transport.TransportServerThreadSupport | main
2021-05-01 22:55:45,168 | INFO  | Connector openwire started | org.apache.activemq.broker.TransportConnector | main
2021-05-01 22:55:45,175 | INFO  | Listening for connections at: amqp://Mahesh:5672?maximumConnections=1000&wireFormat.maxFrameSize=104857600 | org.apache.activemq.transport.TransportServerThreadSupport | main
2021-05-01 22:55:45,178 | INFO  | Connector amqp started | org.apache.activemq.broker.TransportConnector | main
2021-05-01 22:55:45,186 | INFO  | Listening for connections at: stomp://Mahesh:61613?maximumConnections=1000&wireFormat.maxFrameSize=104857600 | org.apache.activemq.transport.TransportServerThreadSupport | main
2021-05-01 22:55:45,188 | INFO  | Connector stomp started | org.apache.activemq.broker.TransportConnector | main
2021-05-01 22:55:45,193 | INFO  | Listening for connections at: mqtt://Mahesh:1883?maximumConnections=1000&wireFormat.maxFrameSize=104857600 | org.apache.activemq.transport.TransportServerThreadSupport | main
2021-05-01 22:55:45,195 | INFO  | Connector mqtt started | org.apache.activemq.broker.TransportConnector | main
2021-05-01 22:55:45,203 | INFO  | Starting Jetty server | org.apache.activemq.transport.WebTransportServerSupport | main
2021-05-01 22:55:45,296 | INFO  | Creating Jetty connector | org.apache.activemq.transport.WebTransportServerSupport | main
2021-05-01 22:55:45,454 | WARN  | ServletContext@o.e.j.s.ServletContextHandler@7642df8f{/,null,STARTING} has uncovered http methods for path: / | org.eclipse.jetty.security.SecurityHandler | main
2021-05-01 22:55:45,539 | INFO  | Listening for connections at ws://Mahesh:61614?maximumConnections=1000&wireFormat.maxFrameSize=104857600 | org.apache.activemq.transport.ws.WSTransportServer | main
2021-05-01 22:55:45,541 | INFO  | Connector ws started | org.apache.activemq.broker.TransportConnector | main
2021-05-01 22:55:45,544 | INFO  | Apache ActiveMQ 5.16.2 (localhost, ID:Mahesh-53511-1619889944917-0:1) started | org.apache.activemq.broker.BrokerService | main
2021-05-01 22:55:45,547 | INFO  | For help or more information please see: http://activemq.apache.org | org.apache.activemq.broker.BrokerService | main
2021-05-01 22:55:46,613 | INFO  | ActiveMQ WebConsole available at http://127.0.0.1:8161/ | org.apache.activemq.web.WebConsoleStarter | main
2021-05-01 22:55:46,614 | INFO  | ActiveMQ Jolokia REST API available at http://127.0.0.1:8161/api/jolokia/ | org.apache.activemq.web.WebConsoleStarter | main
2021-05-01 23:10:02,685 | INFO  | Apache ActiveMQ 5.16.2 (localhost, ID:Mahesh-53511-1619889944917-0:1) is shutting down | org.apache.activemq.broker.BrokerService | ActiveMQ ShutdownHook
2021-05-01 23:10:02,690 | INFO  | Connector openwire stopped | org.apache.activemq.broker.TransportConnector | ActiveMQ ShutdownHook
2021-05-01 23:10:02,692 | INFO  | Connector amqp stopped | org.apache.activemq.broker.TransportConnector | ActiveMQ ShutdownHook
2021-05-01 23:10:02,693 | INFO  | Connector stomp stopped | org.apache.activemq.broker.TransportConnector | ActiveMQ ShutdownHook
2021-05-01 23:10:02,695 | INFO  | Connector mqtt stopped | org.apache.activemq.broker.TransportConnector | ActiveMQ ShutdownHook
2021-05-01 23:10:02,723 | INFO  | Connector ws stopped | org.apache.activemq.broker.TransportConnector | ActiveMQ ShutdownHook
2021-05-01 23:10:02,745 | INFO  | PListStore:[C:\Mahesh\code\hsbc_case_study\hsbc_case_study\apache-activemq-5.16.2\bin\..\data\localhost\tmp_storage] stopped | org.apache.activemq.store.kahadb.plist.PListStoreImpl | ActiveMQ ShutdownHook
2021-05-01 23:10:02,746 | INFO  | Stopping async queue tasks | org.apache.activemq.store.kahadb.KahaDBStore | ActiveMQ ShutdownHook
2021-05-01 23:10:02,747 | INFO  | Stopping async topic tasks | org.apache.activemq.store.kahadb.KahaDBStore | ActiveMQ ShutdownHook
2021-05-01 23:10:02,758 | INFO  | Stopped KahaDB | org.apache.activemq.store.kahadb.KahaDBStore | ActiveMQ ShutdownHook
2021-05-01 23:10:02,915 | INFO  | Apache ActiveMQ 5.16.2 (localhost, ID:Mahesh-53511-1619889944917-0:1) uptime 14 minutes | org.apache.activemq.broker.BrokerService | ActiveMQ ShutdownHook
2021-05-01 23:10:02,917 | INFO  | Apache ActiveMQ 5.16.2 (localhost, ID:Mahesh-53511-1619889944917-0:1) is shutdown | org.apache.activemq.broker.BrokerService | ActiveMQ ShutdownHook
2021-05-01 23:10:02,918 | INFO  | Closing org.apache.activemq.xbean.XBeanBrokerFactory$1@71423665: startup date [Sat May 01 22:55:43 IST 2021]; root of context hierarchy | org.apache.activemq.xbean.XBeanBrokerFactory$1 | ActiveMQ ShutdownHook
