STATUS | wrapper  | 2021/05/01 09:40:42 | --> Wrapper Started as Console
STATUS | wrapper  | 2021/05/01 09:40:43 | Launching a JVM...
INFO   | jvm 1    | 2021/05/01 09:40:43 | Wrapper (Version 3.2.3) http://wrapper.tanukisoftware.org
INFO   | jvm 1    | 2021/05/01 09:40:43 |   Copyright 1999-2006 Tanuki Software, Inc.  All Rights Reserved.
INFO   | jvm 1    | 2021/05/01 09:40:43 | 
INFO   | jvm 1    | 2021/05/01 09:40:43 | Java Runtime: Oracle Corporation 1.8.0_201 C:\Program Files\Java\jre1.8.0_201
INFO   | jvm 1    | 2021/05/01 09:40:43 |   Heap sizes: current=125952k  free=115250k  max=932352k
INFO   | jvm 1    | 2021/05/01 09:40:43 |     JVM args: -Dactivemq.home=../.. -Dactivemq.base=../.. -Djavax.net.ssl.keyStorePassword=password -Djavax.net.ssl.trustStorePassword=password -Djavax.net.ssl.keyStore=../../conf/broker.ks -Djavax.net.ssl.trustStore=../../conf/broker.ts -Dcom.sun.management.jmxremote -Dorg.apache.activemq.UseDedicatedTaskRunner=true -Djava.util.logging.config.file=logging.properties -Dactivemq.conf=../../conf -Dactivemq.data=../../data -Djava.security.auth.login.config=../../conf/login.config -Xmx1024m -Djava.library.path=../../bin/win64 -Dwrapper.key=_DhAGLDq8m8kT6vE -Dwrapper.port=32000 -Dwrapper.jvm.port.min=31000 -Dwrapper.jvm.port.max=31999 -Dwrapper.pid=10708 -Dwrapper.version=3.2.3 -Dwrapper.native_library=wrapper -Dwrapper.cpu.timeout=10 -Dwrapper.jvmid=1
INFO   | jvm 1    | 2021/05/01 09:40:43 | Extensions classpath:
INFO   | jvm 1    | 2021/05/01 09:40:43 |   [..\..\lib,..\..\lib\camel,..\..\lib\optional,..\..\lib\web,..\..\lib\extra]
INFO   | jvm 1    | 2021/05/01 09:40:43 | ACTIVEMQ_HOME: ..\..
INFO   | jvm 1    | 2021/05/01 09:40:43 | ACTIVEMQ_BASE: ..\..
INFO   | jvm 1    | 2021/05/01 09:40:43 | ACTIVEMQ_CONF: ..\..\conf
INFO   | jvm 1    | 2021/05/01 09:40:43 | ACTIVEMQ_DATA: ..\..\data
INFO   | jvm 1    | 2021/05/01 09:40:43 | Loading message broker from: xbean:activemq.xml
INFO   | jvm 1    | 2021/05/01 09:40:44 |  INFO | Refreshing org.apache.activemq.xbean.XBeanBrokerFactory$1@1dfd2f7a: startup date [Sat May 01 09:40:43 IST 2021]; root of context hierarchy
INFO   | jvm 1    | 2021/05/01 09:40:45 |  INFO | Using Persistence Adapter: KahaDBPersistenceAdapter[C:\Mahesh\code\hsbc_case_study\hsbc_case_study\apache-activemq-5.16.2\bin\win64\..\..\data\kahadb]
INFO   | jvm 1    | 2021/05/01 09:40:45 |  INFO | PListStore:[C:\Mahesh\code\hsbc_case_study\hsbc_case_study\apache-activemq-5.16.2\bin\win64\..\..\data\localhost\tmp_storage] started
INFO   | jvm 1    | 2021/05/01 09:40:46 |  INFO | Apache ActiveMQ 5.16.2 (localhost, ID:Mahesh-59162-1619842245902-0:1) is starting
INFO   | jvm 1    | 2021/05/01 09:40:46 |  INFO | Listening for connections at: tcp://Mahesh:61616?maximumConnections=1000&wireFormat.maxFrameSize=104857600
INFO   | jvm 1    | 2021/05/01 09:40:46 |  INFO | Connector openwire started
INFO   | jvm 1    | 2021/05/01 09:40:46 |  INFO | Listening for connections at: amqp://Mahesh:5672?maximumConnections=1000&wireFormat.maxFrameSize=104857600
INFO   | jvm 1    | 2021/05/01 09:40:46 |  INFO | Connector amqp started
INFO   | jvm 1    | 2021/05/01 09:40:46 |  INFO | Listening for connections at: stomp://Mahesh:61613?maximumConnections=1000&wireFormat.maxFrameSize=104857600
INFO   | jvm 1    | 2021/05/01 09:40:46 |  INFO | Connector stomp started
INFO   | jvm 1    | 2021/05/01 09:40:46 |  INFO | Listening for connections at: mqtt://Mahesh:1883?maximumConnections=1000&wireFormat.maxFrameSize=104857600
INFO   | jvm 1    | 2021/05/01 09:40:46 |  INFO | Connector mqtt started
INFO   | jvm 1    | 2021/05/01 09:40:46 |  INFO | Starting Jetty server
INFO   | jvm 1    | 2021/05/01 09:40:46 |  INFO | Creating Jetty connector
INFO   | jvm 1    | 2021/05/01 09:40:46 |  WARN | ServletContext@o.e.j.s.ServletContextHandler@5e3d613e{/,null,STARTING} has uncovered http methods for path: /
INFO   | jvm 1    | 2021/05/01 09:40:46 |  INFO | Listening for connections at ws://Mahesh:61614?maximumConnections=1000&wireFormat.maxFrameSize=104857600
INFO   | jvm 1    | 2021/05/01 09:40:46 |  INFO | Connector ws started
INFO   | jvm 1    | 2021/05/01 09:40:46 |  INFO | Apache ActiveMQ 5.16.2 (localhost, ID:Mahesh-59162-1619842245902-0:1) started
INFO   | jvm 1    | 2021/05/01 09:40:46 |  INFO | For help or more information please see: http://activemq.apache.org
INFO   | jvm 1    | 2021/05/01 09:40:47 |  INFO | ActiveMQ WebConsole available at http://127.0.0.1:8161/
INFO   | jvm 1    | 2021/05/01 09:40:47 |  INFO | ActiveMQ Jolokia REST API available at http://127.0.0.1:8161/api/jolokia/
STATUS | wrapper  | 2021/05/01 09:42:48 | --> Wrapper Started as Console
STATUS | wrapper  | 2021/05/01 09:42:48 | Launching a JVM...
INFO   | jvm 1    | 2021/05/01 09:42:49 | Wrapper (Version 3.2.3) http://wrapper.tanukisoftware.org
INFO   | jvm 1    | 2021/05/01 09:42:49 |   Copyright 1999-2006 Tanuki Software, Inc.  All Rights Reserved.
INFO   | jvm 1    | 2021/05/01 09:42:49 | 
INFO   | jvm 1    | 2021/05/01 09:42:49 | 
INFO   | jvm 1    | 2021/05/01 09:42:49 | WARNING - Unable to load the Wrapper's native library 'wrapper.dll'.
INFO   | jvm 1    | 2021/05/01 09:42:49 |           The file is located on the path at the following location but
INFO   | jvm 1    | 2021/05/01 09:42:49 |           could not be loaded:
INFO   | jvm 1    | 2021/05/01 09:42:49 |             C:\Mahesh\code\hsbc_case_study\hsbc_case_study\apache-activemq-5.16.2\bin\win32\..\..\bin\win32\wrapper.dll
INFO   | jvm 1    | 2021/05/01 09:42:49 |           Please verify that the file is readable by the current user
INFO   | jvm 1    | 2021/05/01 09:42:49 |           and that the file has not been corrupted in any way.
INFO   | jvm 1    | 2021/05/01 09:42:49 |           One common cause of this problem is running a 32-bit version
INFO   | jvm 1    | 2021/05/01 09:42:49 |           of the Wrapper with a 64-bit version of Java, or vica versa.
INFO   | jvm 1    | 2021/05/01 09:42:49 |           This is a 64-bit JVM.
INFO   | jvm 1    | 2021/05/01 09:42:49 |           Reported cause:
INFO   | jvm 1    | 2021/05/01 09:42:49 |             C:\Mahesh\code\hsbc_case_study\hsbc_case_study\apache-activemq-5.16.2\bin\win32\wrapper.dll: Can't load IA 32-bit .dll on a AMD 64-bit platform
INFO   | jvm 1    | 2021/05/01 09:42:49 |           System signals will not be handled correctly.
INFO   | jvm 1    | 2021/05/01 09:42:49 | 
INFO   | jvm 1    | 2021/05/01 09:42:49 | Java Runtime: Oracle Corporation 1.8.0_201 C:\Program Files\Java\jre1.8.0_201
INFO   | jvm 1    | 2021/05/01 09:42:49 |   Heap sizes: current=125952k  free=115251k  max=932352k
INFO   | jvm 1    | 2021/05/01 09:42:49 |     JVM args: -Dactivemq.home=../.. -Dactivemq.base=../.. -Djavax.net.ssl.keyStorePassword=password -Djavax.net.ssl.trustStorePassword=password -Djavax.net.ssl.keyStore=../../conf/broker.ks -Djavax.net.ssl.trustStore=../../conf/broker.ts -Dcom.sun.management.jmxremote -Dorg.apache.activemq.UseDedicatedTaskRunner=true -Djava.util.logging.config.file=logging.properties -Dactivemq.conf=../../conf -Dactivemq.data=../../data -Djava.security.auth.login.config=../../conf/login.config -Xmx1024m -Djava.library.path=../../bin/win32 -Dwrapper.key=iVgjePUbQyqb0SXh -Dwrapper.port=32001 -Dwrapper.jvm.port.min=31000 -Dwrapper.jvm.port.max=31999 -Dwrapper.pid=3112 -Dwrapper.version=3.2.3 -Dwrapper.native_library=wrapper -Dwrapper.cpu.timeout=10 -Dwrapper.jvmid=1
INFO   | jvm 1    | 2021/05/01 09:42:49 | Extensions classpath:
INFO   | jvm 1    | 2021/05/01 09:42:49 |   [..\..\lib,..\..\lib\camel,..\..\lib\optional,..\..\lib\web,..\..\lib\extra]
INFO   | jvm 1    | 2021/05/01 09:42:49 | ACTIVEMQ_HOME: ..\..
INFO   | jvm 1    | 2021/05/01 09:42:49 | ACTIVEMQ_BASE: ..\..
INFO   | jvm 1    | 2021/05/01 09:42:49 | ACTIVEMQ_CONF: ..\..\conf
INFO   | jvm 1    | 2021/05/01 09:42:49 | ACTIVEMQ_DATA: ..\..\data
INFO   | jvm 1    | 2021/05/01 09:42:49 | Loading message broker from: xbean:activemq.xml
INFO   | jvm 1    | 2021/05/01 09:42:49 |  INFO | Refreshing org.apache.activemq.xbean.XBeanBrokerFactory$1@40d6e525: startup date [Sat May 01 09:42:49 IST 2021]; root of context hierarchy
INFO   | jvm 1    | 2021/05/01 09:42:50 |  INFO | Using Persistence Adapter: KahaDBPersistenceAdapter[C:\Mahesh\code\hsbc_case_study\hsbc_case_study\apache-activemq-5.16.2\bin\win32\..\..\data\kahadb]
INFO   | jvm 1    | 2021/05/01 09:42:50 |  INFO | Database ..\..\data\kahadb\lock is locked by another server. This broker is now in slave mode waiting a lock to be acquired
